<?xml version="1.0" encoding="UTF-8"?>
<coverage generated="1760672010288" clover="3.2.0">
  <project timestamp="1760672010289" name="All files">
    <metrics statements="391" coveredstatements="385" conditionals="104" coveredconditionals="97" methods="49" coveredmethods="48" elements="544" coveredelements="530" complexity="0" loc="391" ncloc="391" packages="6" files="25" classes="25"/>
    <package name="Dummy-Instagram">
      <metrics statements="22" coveredstatements="22" conditionals="2" coveredconditionals="2" methods="2" coveredmethods="2"/>
      <file name="app.js" path="C:\Users\ASUS\OneDrive - Bina Nusantara\Desktop\Phase 2\Dummy-Instagram\app.js">
        <metrics statements="22" coveredstatements="22" conditionals="2" coveredconditionals="2" methods="2" coveredmethods="2"/>
        <line num="1" count="11" type="stmt"/>
        <line num="2" count="11" type="stmt"/>
        <line num="3" count="11" type="stmt"/>
        <line num="4" count="11" type="cond" truecount="2" falsecount="0"/>
        <line num="5" count="11" type="stmt"/>
        <line num="6" count="11" type="stmt"/>
        <line num="7" count="11" type="stmt"/>
        <line num="9" count="11" type="stmt"/>
        <line num="10" count="11" type="stmt"/>
        <line num="11" count="11" type="stmt"/>
        <line num="12" count="11" type="stmt"/>
        <line num="18" count="11" type="stmt"/>
        <line num="21" count="11" type="stmt"/>
        <line num="22" count="11" type="stmt"/>
        <line num="23" count="11" type="stmt"/>
        <line num="24" count="11" type="stmt"/>
        <line num="27" count="11" type="stmt"/>
        <line num="31" count="11" type="stmt"/>
        <line num="34" count="11" type="stmt"/>
        <line num="37" count="8" type="stmt"/>
        <line num="38" count="8" type="stmt"/>
        <line num="60" count="11" type="stmt"/>
      </file>
    </package>
    <package name="Dummy-Instagram.config">
      <metrics statements="4" coveredstatements="4" conditionals="4" coveredconditionals="2" methods="0" coveredmethods="0"/>
      <file name="config.js" path="C:\Users\ASUS\OneDrive - Bina Nusantara\Desktop\Phase 2\Dummy-Instagram\config\config.js">
        <metrics statements="4" coveredstatements="4" conditionals="4" coveredconditionals="2" methods="0" coveredmethods="0"/>
        <line num="6" count="12" type="stmt"/>
        <line num="8" count="12" type="stmt"/>
        <line num="11" count="12" type="stmt"/>
        <line num="18" count="12" type="stmt"/>
      </file>
    </package>
    <package name="Dummy-Instagram.controllers">
      <metrics statements="154" coveredstatements="154" conditionals="49" coveredconditionals="49" methods="17" coveredmethods="17"/>
      <file name="aiController.js" path="C:\Users\ASUS\OneDrive - Bina Nusantara\Desktop\Phase 2\Dummy-Instagram\controllers\aiController.js">
        <metrics statements="11" coveredstatements="11" conditionals="4" coveredconditionals="4" methods="2" coveredmethods="2"/>
        <line num="1" count="3" type="stmt"/>
        <line num="5" count="2" type="stmt"/>
        <line num="6" count="2" type="cond" truecount="4" falsecount="0"/>
        <line num="7" count="1" type="stmt"/>
        <line num="10" count="1" type="stmt"/>
        <line num="11" count="1" type="stmt"/>
        <line num="13" count="1" type="stmt"/>
        <line num="15" count="1" type="stmt"/>
        <line num="21" count="1" type="stmt"/>
        <line num="22" count="1" type="stmt"/>
        <line num="27" count="3" type="stmt"/>
      </file>
      <file name="chatController.js" path="C:\Users\ASUS\OneDrive - Bina Nusantara\Desktop\Phase 2\Dummy-Instagram\controllers\chatController.js">
        <metrics statements="52" coveredstatements="52" conditionals="19" coveredconditionals="19" methods="5" coveredmethods="5"/>
        <line num="1" count="3" type="stmt"/>
        <line num="2" count="3" type="stmt"/>
        <line num="3" count="3" type="stmt"/>
        <line num="8" count="4" type="stmt"/>
        <line num="9" count="4" type="stmt"/>
        <line num="10" count="4" type="stmt"/>
        <line num="12" count="4" type="cond" truecount="2" falsecount="0"/>
        <line num="13" count="1" type="stmt"/>
        <line num="17" count="3" type="stmt"/>
        <line num="31" count="2" type="cond" truecount="2" falsecount="0"/>
        <line num="33" count="2" type="stmt"/>
        <line num="39" count="2" type="stmt"/>
        <line num="40" count="2" type="stmt"/>
        <line num="41" count="2" type="stmt"/>
        <line num="52" count="1" type="stmt"/>
        <line num="54" count="1" type="stmt"/>
        <line num="55" count="1" type="stmt"/>
        <line num="61" count="4" type="stmt"/>
        <line num="62" count="4" type="stmt"/>
        <line num="63" count="4" type="stmt"/>
        <line num="66" count="4" type="stmt"/>
        <line num="67" count="3" type="cond" truecount="5" falsecount="0"/>
        <line num="68" count="2" type="stmt"/>
        <line num="71" count="1" type="stmt"/>
        <line num="77" count="1" type="stmt"/>
        <line num="79" count="3" type="stmt"/>
        <line num="84" count="3" type="stmt"/>
        <line num="85" count="3" type="stmt"/>
        <line num="86" count="3" type="stmt"/>
        <line num="97" count="2" type="cond" truecount="2" falsecount="0"/>
        <line num="99" count="1" type="stmt"/>
        <line num="105" count="5" type="stmt"/>
        <line num="106" count="5" type="stmt"/>
        <line num="107" count="5" type="stmt"/>
        <line num="108" count="5" type="stmt"/>
        <line num="109" count="5" type="stmt"/>
        <line num="111" count="5" type="stmt"/>
        <line num="112" count="5" type="cond" truecount="2" falsecount="0"/>
        <line num="113" count="1" type="stmt"/>
        <line num="116" count="4" type="cond" truecount="2" falsecount="0"/>
        <line num="117" count="4" type="cond" truecount="2" falsecount="0"/>
        <line num="118" count="1" type="stmt"/>
        <line num="122" count="3" type="stmt"/>
        <line num="127" count="2" type="stmt"/>
        <line num="130" count="2" type="cond" truecount="2" falsecount="0"/>
        <line num="132" count="1" type="stmt"/>
        <line num="135" count="1" type="stmt"/>
        <line num="142" count="1" type="stmt"/>
        <line num="145" count="1" type="stmt"/>
        <line num="149" count="1" type="stmt"/>
        <line num="153" count="3" type="stmt"/>
        <line num="158" count="3" type="stmt"/>
      </file>
      <file name="postController.js" path="C:\Users\ASUS\OneDrive - Bina Nusantara\Desktop\Phase 2\Dummy-Instagram\controllers\postController.js">
        <metrics statements="59" coveredstatements="59" conditionals="18" coveredconditionals="18" methods="7" coveredmethods="7"/>
        <line num="1" count="3" type="stmt"/>
        <line num="6" count="3" type="stmt"/>
        <line num="7" count="3" type="stmt"/>
        <line num="8" count="3" type="stmt"/>
        <line num="11" count="3" type="cond" truecount="4" falsecount="0"/>
        <line num="12" count="1" type="stmt"/>
        <line num="16" count="2" type="stmt"/>
        <line num="25" count="2" type="stmt"/>
        <line num="30" count="1" type="stmt"/>
        <line num="32" count="1" type="stmt"/>
        <line num="38" count="2" type="stmt"/>
        <line num="44" count="2" type="stmt"/>
        <line num="45" count="2" type="stmt"/>
        <line num="55" count="1" type="stmt"/>
        <line num="57" count="1" type="stmt"/>
        <line num="63" count="2" type="stmt"/>
        <line num="64" count="2" type="stmt"/>
        <line num="69" count="1" type="stmt"/>
        <line num="71" count="1" type="stmt"/>
        <line num="77" count="4" type="stmt"/>
        <line num="78" count="4" type="stmt"/>
        <line num="79" count="4" type="stmt"/>
        <line num="81" count="4" type="stmt"/>
        <line num="82" count="4" type="cond" truecount="2" falsecount="0"/>
        <line num="83" count="3" type="cond" truecount="2" falsecount="0"/>
        <line num="85" count="2" type="stmt"/>
        <line num="86" count="1" type="stmt"/>
        <line num="88" count="3" type="stmt"/>
        <line num="94" count="4" type="stmt"/>
        <line num="95" count="4" type="stmt"/>
        <line num="97" count="4" type="stmt"/>
        <line num="98" count="4" type="stmt"/>
        <line num="100" count="4" type="stmt"/>
        <line num="101" count="4" type="cond" truecount="2" falsecount="0"/>
        <line num="102" count="1" type="stmt"/>
        <line num="103" count="1" type="stmt"/>
        <line num="106" count="3" type="stmt"/>
        <line num="107" count="3" type="stmt"/>
        <line num="110" count="3" type="cond" truecount="2" falsecount="0"/>
        <line num="111" count="1" type="stmt"/>
        <line num="112" count="1" type="stmt"/>
        <line num="115" count="2" type="stmt"/>
        <line num="116" count="1" type="stmt"/>
        <line num="117" count="1" type="stmt"/>
        <line num="119" count="3" type="stmt"/>
        <line num="120" count="3" type="stmt"/>
        <line num="126" count="4" type="stmt"/>
        <line num="127" count="4" type="stmt"/>
        <line num="128" count="4" type="stmt"/>
        <line num="129" count="3" type="cond" truecount="2" falsecount="0"/>
        <line num="131" count="2" type="stmt"/>
        <line num="136" count="2" type="cond" truecount="2" falsecount="0"/>
        <line num="137" count="1" type="stmt"/>
        <line num="138" count="1" type="stmt"/>
        <line num="140" count="1" type="stmt"/>
        <line num="141" count="1" type="stmt"/>
        <line num="143" count="2" type="stmt"/>
        <line num="145" count="2" type="stmt"/>
        <line num="150" count="3" type="stmt"/>
      </file>
      <file name="userController.js" path="C:\Users\ASUS\OneDrive - Bina Nusantara\Desktop\Phase 2\Dummy-Instagram\controllers\userController.js">
        <metrics statements="32" coveredstatements="32" conditionals="8" coveredconditionals="8" methods="3" coveredmethods="3"/>
        <line num="1" count="3" type="stmt"/>
        <line num="2" count="3" type="stmt"/>
        <line num="3" count="3" type="stmt"/>
        <line num="4" count="3" type="stmt"/>
        <line num="5" count="3" type="stmt"/>
        <line num="10" count="2" type="stmt"/>
        <line num="11" count="2" type="stmt"/>
        <line num="12" count="2" type="stmt"/>
        <line num="13" count="1" type="stmt"/>
        <line num="19" count="1" type="stmt"/>
        <line num="24" count="5" type="stmt"/>
        <line num="25" count="5" type="stmt"/>
        <line num="26" count="5" type="cond" truecount="4" falsecount="0"/>
        <line num="27" count="1" type="stmt"/>
        <line num="30" count="4" type="stmt"/>
        <line num="31" count="3" type="cond" truecount="2" falsecount="0"/>
        <line num="32" count="1" type="stmt"/>
        <line num="35" count="2" type="stmt"/>
        <line num="36" count="2" type="cond" truecount="2" falsecount="0"/>
        <line num="37" count="1" type="stmt"/>
        <line num="40" count="1" type="stmt"/>
        <line num="41" count="1" type="stmt"/>
        <line num="43" count="4" type="stmt"/>
        <line num="48" count="2" type="stmt"/>
        <line num="49" count="2" type="stmt"/>
        <line num="51" count="2" type="stmt"/>
        <line num="55" count="1" type="stmt"/>
        <line num="57" count="1" type="stmt"/>
        <line num="67" count="1" type="stmt"/>
        <line num="68" count="1" type="stmt"/>
        <line num="71" count="1" type="stmt"/>
        <line num="76" count="3" type="stmt"/>
      </file>
    </package>
    <package name="Dummy-Instagram.helpers">
      <metrics statements="93" coveredstatements="89" conditionals="39" coveredconditionals="37" methods="12" coveredmethods="12"/>
      <file name="aiHelper.js" path="C:\Users\ASUS\OneDrive - Bina Nusantara\Desktop\Phase 2\Dummy-Instagram\helpers\aiHelper.js">
        <metrics statements="11" coveredstatements="11" conditionals="1" coveredconditionals="1" methods="2" coveredmethods="2"/>
        <line num="1" count="8" type="stmt"/>
        <line num="3" count="8" type="stmt"/>
        <line num="4" count="8" type="stmt"/>
        <line num="8" count="4" type="stmt"/>
        <line num="25" count="3" type="stmt"/>
        <line num="26" count="3" type="stmt"/>
        <line num="27" count="2" type="stmt"/>
        <line num="28" count="2" type="stmt"/>
        <line num="30" count="1" type="stmt"/>
        <line num="31" count="1" type="stmt"/>
        <line num="35" count="8" type="stmt"/>
      </file>
      <file name="aiRecommendation.js" path="C:\Users\ASUS\OneDrive - Bina Nusantara\Desktop\Phase 2\Dummy-Instagram\helpers\aiRecommendation.js">
        <metrics statements="37" coveredstatements="33" conditionals="14" coveredconditionals="12" methods="5" coveredmethods="5"/>
        <line num="1" count="7" type="stmt"/>
        <line num="2" count="7" type="stmt"/>
        <line num="3" count="7" type="stmt"/>
        <line num="6" count="4" type="stmt"/>
        <line num="7" count="4" type="stmt"/>
        <line num="8" count="4" type="stmt"/>
        <line num="18" count="4" type="stmt"/>
        <line num="23" count="3" type="cond" truecount="4" falsecount="0"/>
        <line num="24" count="1" type="stmt"/>
        <line num="32" count="6" type="cond" truecount="2" falsecount="0"/>
        <line num="34" count="2" type="stmt"/>
        <line num="35" count="2" type="stmt"/>
        <line num="36" count="4" type="stmt"/>
        <line num="37" count="4" type="cond" truecount="2" falsecount="0"/>
        <line num="40" count="2" type="cond" truecount="1" falsecount="1"/>
        <line num="41" count="0" type="stmt"/>
        <line num="49" count="2" type="stmt"/>
        <line num="50" count="2" type="stmt"/>
        <line num="52" count="2" type="stmt"/>
        <line num="54" count="2" type="stmt"/>
        <line num="56" count="2" type="stmt"/>
        <line num="57" count="4" type="stmt"/>
        <line num="60" count="2" type="stmt"/>
        <line num="68" count="2" type="stmt"/>
        <line num="69" count="2" type="stmt"/>
        <line num="71" count="2" type="stmt"/>
        <line num="76" count="2" type="cond" truecount="3" falsecount="1"/>
        <line num="77" count="0" type="stmt"/>
        <line num="79" count="2" type="stmt"/>
        <line num="82" count="2" type="stmt"/>
        <line num="97" count="2" type="stmt"/>
        <line num="99" count="1" type="stmt"/>
        <line num="101" count="1" type="stmt"/>
        <line num="102" count="1" type="stmt"/>
        <line num="109" count="0" type="stmt"/>
        <line num="110" count="0" type="stmt"/>
        <line num="115" count="7" type="stmt"/>
      </file>
      <file name="authMiddleware.js" path="C:\Users\ASUS\OneDrive - Bina Nusantara\Desktop\Phase 2\Dummy-Instagram\helpers\authMiddleware.js">
        <metrics statements="19" coveredstatements="19" conditionals="10" coveredconditionals="10" methods="1" coveredmethods="1"/>
        <line num="1" count="6" type="stmt"/>
        <line num="2" count="6" type="stmt"/>
        <line num="4" count="6" type="stmt"/>
        <line num="5" count="6" type="stmt"/>
        <line num="6" count="6" type="stmt"/>
        <line num="7" count="6" type="cond" truecount="4" falsecount="0"/>
        <line num="8" count="2" type="stmt"/>
        <line num="11" count="4" type="stmt"/>
        <line num="12" count="4" type="stmt"/>
        <line num="13" count="3" type="stmt"/>
        <line num="14" count="2" type="cond" truecount="2" falsecount="0"/>
        <line num="16" count="1" type="stmt"/>
        <line num="17" count="1" type="stmt"/>
        <line num="18" count="1" type="stmt"/>
        <line num="20" count="5" type="cond" truecount="2" falsecount="0"/>
        <line num="21" count="3" type="stmt"/>
        <line num="22" count="2" type="cond" truecount="2" falsecount="0"/>
        <line num="23" count="1" type="stmt"/>
        <line num="25" count="1" type="stmt"/>
      </file>
      <file name="cloudinary.js" path="C:\Users\ASUS\OneDrive - Bina Nusantara\Desktop\Phase 2\Dummy-Instagram\helpers\cloudinary.js">
        <metrics statements="7" coveredstatements="7" conditionals="0" coveredconditionals="0" methods="0" coveredmethods="0"/>
        <line num="1" count="5" type="stmt"/>
        <line num="2" count="5" type="stmt"/>
        <line num="3" count="5" type="stmt"/>
        <line num="5" count="5" type="stmt"/>
        <line num="11" count="5" type="stmt"/>
        <line num="20" count="5" type="stmt"/>
        <line num="22" count="5" type="stmt"/>
      </file>
      <file name="handleError.js" path="C:\Users\ASUS\OneDrive - Bina Nusantara\Desktop\Phase 2\Dummy-Instagram\helpers\handleError.js">
        <metrics statements="14" coveredstatements="14" conditionals="14" coveredconditionals="14" methods="2" coveredmethods="2"/>
        <line num="2" count="8" type="stmt"/>
        <line num="4" count="8" type="cond" truecount="2" falsecount="0"/>
        <line num="5" count="1" type="stmt"/>
        <line num="8" count="7" type="cond" truecount="2" falsecount="0"/>
        <line num="9" count="1" type="stmt"/>
        <line num="12" count="6" type="cond" truecount="2" falsecount="0"/>
        <line num="13" count="1" type="stmt"/>
        <line num="16" count="5" type="cond" truecount="2" falsecount="0"/>
        <line num="17" count="2" type="cond" truecount="2" falsecount="0"/>
        <line num="20" count="3" type="cond" truecount="4" falsecount="0"/>
        <line num="21" count="3" type="stmt"/>
        <line num="22" count="2" type="stmt"/>
        <line num="25" count="1" type="stmt"/>
        <line num="30" count="3" type="stmt"/>
      </file>
      <file name="jwt.js" path="C:\Users\ASUS\OneDrive - Bina Nusantara\Desktop\Phase 2\Dummy-Instagram\helpers\jwt.js">
        <metrics statements="5" coveredstatements="5" conditionals="0" coveredconditionals="0" methods="2" coveredmethods="2"/>
        <line num="1" count="10" type="stmt"/>
        <line num="2" count="10" type="stmt"/>
        <line num="5" count="1" type="stmt"/>
        <line num="9" count="2" type="stmt"/>
        <line num="12" count="10" type="stmt"/>
      </file>
    </package>
    <package name="Dummy-Instagram.models">
      <metrics statements="71" coveredstatements="69" conditionals="10" coveredconditionals="7" methods="18" coveredmethods="17"/>
      <file name="category.js" path="C:\Users\ASUS\OneDrive - Bina Nusantara\Desktop\Phase 2\Dummy-Instagram\models\category.js">
        <metrics statements="5" coveredstatements="5" conditionals="0" coveredconditionals="0" methods="2" coveredmethods="2"/>
        <line num="4" count="12" type="stmt"/>
        <line num="5" count="12" type="stmt"/>
        <line num="13" count="12" type="stmt"/>
        <line num="17" count="12" type="stmt"/>
        <line num="23" count="12" type="stmt"/>
      </file>
      <file name="chat.js" path="C:\Users\ASUS\OneDrive - Bina Nusantara\Desktop\Phase 2\Dummy-Instagram\models\chat.js">
        <metrics statements="7" coveredstatements="7" conditionals="0" coveredconditionals="0" methods="2" coveredmethods="2"/>
        <line num="4" count="12" type="stmt"/>
        <line num="5" count="12" type="stmt"/>
        <line num="13" count="12" type="stmt"/>
        <line num="14" count="12" type="stmt"/>
        <line num="15" count="12" type="stmt"/>
        <line num="19" count="12" type="stmt"/>
        <line num="27" count="12" type="stmt"/>
      </file>
      <file name="image.js" path="C:\Users\ASUS\OneDrive - Bina Nusantara\Desktop\Phase 2\Dummy-Instagram\models\image.js">
        <metrics statements="5" coveredstatements="5" conditionals="0" coveredconditionals="0" methods="2" coveredmethods="2"/>
        <line num="4" count="12" type="stmt"/>
        <line num="5" count="12" type="stmt"/>
        <line num="13" count="12" type="stmt"/>
        <line num="17" count="12" type="stmt"/>
        <line num="24" count="12" type="stmt"/>
      </file>
      <file name="index.js" path="C:\Users\ASUS\OneDrive - Bina Nusantara\Desktop\Phase 2\Dummy-Instagram\models\index.js">
        <metrics statements="21" coveredstatements="20" conditionals="10" coveredconditionals="7" methods="3" coveredmethods="3"/>
        <line num="3" count="12" type="stmt"/>
        <line num="4" count="12" type="stmt"/>
        <line num="5" count="12" type="stmt"/>
        <line num="6" count="12" type="stmt"/>
        <line num="7" count="12" type="stmt"/>
        <line num="8" count="12" type="cond" truecount="1" falsecount="1"/>
        <line num="9" count="12" type="stmt"/>
        <line num="10" count="12" type="stmt"/>
        <line num="14" count="12" type="cond" truecount="1" falsecount="1"/>
        <line num="15" count="0" type="stmt"/>
        <line num="17" count="12" type="stmt"/>
        <line num="20" count="12" type="stmt"/>
        <line num="23" count="96" type="stmt"/>
        <line num="31" count="84" type="stmt"/>
        <line num="32" count="84" type="stmt"/>
        <line num="35" count="12" type="stmt"/>
        <line num="36" count="84" type="cond" truecount="1" falsecount="1"/>
        <line num="37" count="84" type="stmt"/>
        <line num="41" count="12" type="stmt"/>
        <line num="42" count="12" type="stmt"/>
        <line num="44" count="12" type="stmt"/>
      </file>
      <file name="like.js" path="C:\Users\ASUS\OneDrive - Bina Nusantara\Desktop\Phase 2\Dummy-Instagram\models\like.js">
        <metrics statements="6" coveredstatements="6" conditionals="0" coveredconditionals="0" methods="2" coveredmethods="2"/>
        <line num="4" count="12" type="stmt"/>
        <line num="5" count="12" type="stmt"/>
        <line num="13" count="12" type="stmt"/>
        <line num="14" count="12" type="stmt"/>
        <line num="18" count="12" type="stmt"/>
        <line num="25" count="12" type="stmt"/>
      </file>
      <file name="message.js" path="C:\Users\ASUS\OneDrive - Bina Nusantara\Desktop\Phase 2\Dummy-Instagram\models\message.js">
        <metrics statements="7" coveredstatements="7" conditionals="0" coveredconditionals="0" methods="2" coveredmethods="2"/>
        <line num="4" count="12" type="stmt"/>
        <line num="5" count="12" type="stmt"/>
        <line num="13" count="12" type="stmt"/>
        <line num="14" count="12" type="stmt"/>
        <line num="15" count="12" type="stmt"/>
        <line num="20" count="12" type="stmt"/>
        <line num="29" count="12" type="stmt"/>
      </file>
      <file name="post.js" path="C:\Users\ASUS\OneDrive - Bina Nusantara\Desktop\Phase 2\Dummy-Instagram\models\post.js">
        <metrics statements="8" coveredstatements="8" conditionals="0" coveredconditionals="0" methods="2" coveredmethods="2"/>
        <line num="4" count="12" type="stmt"/>
        <line num="5" count="12" type="stmt"/>
        <line num="13" count="12" type="stmt"/>
        <line num="14" count="12" type="stmt"/>
        <line num="15" count="12" type="stmt"/>
        <line num="16" count="12" type="stmt"/>
        <line num="20" count="12" type="stmt"/>
        <line num="40" count="12" type="stmt"/>
      </file>
      <file name="user.js" path="C:\Users\ASUS\OneDrive - Bina Nusantara\Desktop\Phase 2\Dummy-Instagram\models\user.js">
        <metrics statements="12" coveredstatements="11" conditionals="0" coveredconditionals="0" methods="3" coveredmethods="2"/>
        <line num="2" count="12" type="stmt"/>
        <line num="5" count="12" type="stmt"/>
        <line num="6" count="12" type="stmt"/>
        <line num="14" count="12" type="stmt"/>
        <line num="15" count="12" type="stmt"/>
        <line num="16" count="12" type="stmt"/>
        <line num="17" count="12" type="stmt"/>
        <line num="18" count="12" type="stmt"/>
        <line num="19" count="12" type="stmt"/>
        <line num="23" count="12" type="stmt"/>
        <line num="55" count="0" type="stmt"/>
        <line num="59" count="12" type="stmt"/>
      </file>
    </package>
    <package name="Dummy-Instagram.routes">
      <metrics statements="47" coveredstatements="47" conditionals="0" coveredconditionals="0" methods="0" coveredmethods="0"/>
      <file name="aiRouter.js" path="C:\Users\ASUS\OneDrive - Bina Nusantara\Desktop\Phase 2\Dummy-Instagram\routes\aiRouter.js">
        <metrics statements="6" coveredstatements="6" conditionals="0" coveredconditionals="0" methods="0" coveredmethods="0"/>
        <line num="1" count="2" type="stmt"/>
        <line num="2" count="2" type="stmt"/>
        <line num="3" count="2" type="stmt"/>
        <line num="4" count="2" type="stmt"/>
        <line num="7" count="2" type="stmt"/>
        <line num="9" count="2" type="stmt"/>
      </file>
      <file name="chatRouter.js" path="C:\Users\ASUS\OneDrive - Bina Nusantara\Desktop\Phase 2\Dummy-Instagram\routes\chatRouter.js">
        <metrics statements="11" coveredstatements="11" conditionals="0" coveredconditionals="0" methods="0" coveredmethods="0"/>
        <line num="1" count="2" type="stmt"/>
        <line num="2" count="2" type="stmt"/>
        <line num="3" count="2" type="stmt"/>
        <line num="4" count="2" type="stmt"/>
        <line num="6" count="2" type="stmt"/>
        <line num="9" count="2" type="stmt"/>
        <line num="12" count="2" type="stmt"/>
        <line num="15" count="2" type="stmt"/>
        <line num="18" count="2" type="stmt"/>
        <line num="21" count="2" type="stmt"/>
        <line num="23" count="2" type="stmt"/>
      </file>
      <file name="index.js" path="C:\Users\ASUS\OneDrive - Bina Nusantara\Desktop\Phase 2\Dummy-Instagram\routes\index.js">
        <metrics statements="11" coveredstatements="11" conditionals="0" coveredconditionals="0" methods="0" coveredmethods="0"/>
        <line num="1" count="2" type="stmt"/>
        <line num="2" count="2" type="stmt"/>
        <line num="4" count="2" type="stmt"/>
        <line num="5" count="2" type="stmt"/>
        <line num="6" count="2" type="stmt"/>
        <line num="7" count="2" type="stmt"/>
        <line num="16" count="2" type="stmt"/>
        <line num="17" count="2" type="stmt"/>
        <line num="18" count="2" type="stmt"/>
        <line num="19" count="2" type="stmt"/>
        <line num="21" count="2" type="stmt"/>
      </file>
      <file name="postRouter.js" path="C:\Users\ASUS\OneDrive - Bina Nusantara\Desktop\Phase 2\Dummy-Instagram\routes\postRouter.js">
        <metrics statements="12" coveredstatements="12" conditionals="0" coveredconditionals="0" methods="0" coveredmethods="0"/>
        <line num="1" count="2" type="stmt"/>
        <line num="2" count="2" type="stmt"/>
        <line num="3" count="2" type="stmt"/>
        <line num="4" count="2" type="stmt"/>
        <line num="5" count="2" type="stmt"/>
        <line num="8" count="2" type="stmt"/>
        <line num="10" count="2" type="stmt"/>
        <line num="11" count="2" type="stmt"/>
        <line num="13" count="2" type="stmt"/>
        <line num="14" count="2" type="stmt"/>
        <line num="16" count="2" type="stmt"/>
        <line num="18" count="2" type="stmt"/>
      </file>
      <file name="userRouter.js" path="C:\Users\ASUS\OneDrive - Bina Nusantara\Desktop\Phase 2\Dummy-Instagram\routes\userRouter.js">
        <metrics statements="7" coveredstatements="7" conditionals="0" coveredconditionals="0" methods="0" coveredmethods="0"/>
        <line num="1" count="2" type="stmt"/>
        <line num="2" count="2" type="stmt"/>
        <line num="3" count="2" type="stmt"/>
        <line num="5" count="2" type="stmt"/>
        <line num="6" count="2" type="stmt"/>
        <line num="7" count="2" type="stmt"/>
        <line num="10" count="2" type="stmt"/>
      </file>
    </package>
  </project>
</coverage>
