{"C:\\Users\\ASUS\\OneDrive - Bina Nusantara\\Desktop\\Phase 2\\Dummy-Instagram\\app.js": {"path":"C:\\Users\\ASUS\\OneDrive - Bina Nusantara\\Desktop\\Phase 2\\Dummy-Instagram\\app.js","statementMap":{"0":{"start":{"line":1,"column":0},"end":{"line":1,"column":27}},"1":{"start":{"line":2,"column":16},"end":{"line":2,"column":34}},"2":{"start":{"line":3,"column":12},"end":{"line":3,"column":21}},"3":{"start":{"line":4,"column":13},"end":{"line":4,"column":37}},"4":{"start":{"line":5,"column":20},"end":{"line":5,"column":52}},"5":{"start":{"line":6,"column":15},"end":{"line":6,"column":34}},"6":{"start":{"line":7,"column":13},"end":{"line":7,"column":28}},"7":{"start":{"line":9,"column":13},"end":{"line":9,"column":28}},"8":{"start":{"line":10,"column":15},"end":{"line":10,"column":37}},"9":{"start":{"line":11,"column":19},"end":{"line":11,"column":39}},"10":{"start":{"line":12,"column":11},"end":{"line":16,"column":2}},"11":{"start":{"line":18,"column":0},"end":{"line":18,"column":24}},"12":{"start":{"line":21,"column":0},"end":{"line":21,"column":16}},"13":{"start":{"line":22,"column":0},"end":{"line":22,"column":24}},"14":{"start":{"line":23,"column":0},"end":{"line":23,"column":48}},"15":{"start":{"line":24,"column":0},"end":{"line":24,"column":34}},"16":{"start":{"line":27,"column":0},"end":{"line":27,"column":21}},"17":{"start":{"line":31,"column":0},"end":{"line":31,"column":21}},"18":{"start":{"line":34,"column":0},"end":{"line":52,"column":3}},"19":{"start":{"line":37,"column":2},"end":{"line":39,"column":5}},"20":{"start":{"line":38,"column":4},"end":{"line":38,"column":34}},"21":{"start":{"line":41,"column":2},"end":{"line":43,"column":5}},"22":{"start":{"line":42,"column":4},"end":{"line":42,"column":73}},"23":{"start":{"line":45,"column":2},"end":{"line":47,"column":5}},"24":{"start":{"line":46,"column":4},"end":{"line":46,"column":73}},"25":{"start":{"line":49,"column":2},"end":{"line":51,"column":5}},"26":{"start":{"line":54,"column":0},"end":{"line":58,"column":1}},"27":{"start":{"line":55,"column":2},"end":{"line":57,"column":5}},"28":{"start":{"line":56,"column":4},"end":{"line":56,"column":66}},"29":{"start":{"line":60,"column":0},"end":{"line":60,"column":21}}},"fnMap":{"0":{"name":"(anonymous_0)","decl":{"start":{"line":34,"column":20},"end":{"line":34,"column":21}},"loc":{"start":{"line":34,"column":32},"end":{"line":52,"column":1}},"line":34},"1":{"name":"(anonymous_1)","decl":{"start":{"line":37,"column":25},"end":{"line":37,"column":26}},"loc":{"start":{"line":37,"column":37},"end":{"line":39,"column":3}},"line":37},"2":{"name":"(anonymous_2)","decl":{"start":{"line":41,"column":28},"end":{"line":41,"column":29}},"loc":{"start":{"line":41,"column":45},"end":{"line":43,"column":3}},"line":41},"3":{"name":"(anonymous_3)","decl":{"start":{"line":45,"column":27},"end":{"line":45,"column":28}},"loc":{"start":{"line":45,"column":43},"end":{"line":47,"column":3}},"line":45},"4":{"name":"(anonymous_4)","decl":{"start":{"line":49,"column":26},"end":{"line":49,"column":27}},"loc":{"start":{"line":49,"column":32},"end":{"line":51,"column":3}},"line":49},"5":{"name":"(anonymous_5)","decl":{"start":{"line":55,"column":22},"end":{"line":55,"column":23}},"loc":{"start":{"line":55,"column":28},"end":{"line":57,"column":3}},"line":55}},"branchMap":{"0":{"loc":{"start":{"line":4,"column":13},"end":{"line":4,"column":37}},"type":"binary-expr","locations":[{"start":{"line":4,"column":13},"end":{"line":4,"column":29}},{"start":{"line":4,"column":33},"end":{"line":4,"column":37}}],"line":4},"1":{"loc":{"start":{"line":54,"column":0},"end":{"line":58,"column":1}},"type":"if","locations":[{"start":{"line":54,"column":0},"end":{"line":58,"column":1}},{"start":{},"end":{}}],"line":54}},"s":{"0":11,"1":11,"2":11,"3":11,"4":11,"5":11,"6":11,"7":11,"8":11,"9":11,"10":11,"11":11,"12":11,"13":11,"14":11,"15":11,"16":11,"17":11,"18":11,"19":8,"20":8,"21":8,"22":0,"23":8,"24":0,"25":8,"26":11,"27":0,"28":0,"29":11},"f":{"0":8,"1":8,"2":0,"3":0,"4":0,"5":0},"b":{"0":[11,7],"1":[0,11]},"_coverageSchema":"1a1c01bbd47fc00a2c39e90264f33305004495a9","hash":"2a1669a6594937f4b2db57508e47b0260b54d91b"}
,"C:\\Users\\ASUS\\OneDrive - Bina Nusantara\\Desktop\\Phase 2\\Dummy-Instagram\\controllers\\aiController.js": {"path":"C:\\Users\\ASUS\\OneDrive - Bina Nusantara\\Desktop\\Phase 2\\Dummy-Instagram\\controllers\\aiController.js","statementMap":{"0":{"start":{"line":1,"column":33},"end":{"line":1,"column":71}},"1":{"start":{"line":5,"column":4},"end":{"line":21,"column":5}},"2":{"start":{"line":7,"column":6},"end":{"line":9,"column":7}},"3":{"start":{"line":8,"column":8},"end":{"line":8,"column":39}},"4":{"start":{"line":11,"column":21},"end":{"line":11,"column":32}},"5":{"start":{"line":12,"column":20},"end":{"line":12,"column":54}},"6":{"start":{"line":14,"column":6},"end":{"line":18,"column":9}},"7":{"start":{"line":20,"column":6},"end":{"line":20,"column":16}},"8":{"start":{"line":25,"column":0},"end":{"line":25,"column":30}}},"fnMap":{"0":{"name":"(anonymous_0)","decl":{"start":{"line":4,"column":2},"end":{"line":4,"column":3}},"loc":{"start":{"line":4,"column":50},"end":{"line":22,"column":3}},"line":4}},"branchMap":{"0":{"loc":{"start":{"line":7,"column":6},"end":{"line":9,"column":7}},"type":"if","locations":[{"start":{"line":7,"column":6},"end":{"line":9,"column":7}},{"start":{},"end":{}}],"line":7},"1":{"loc":{"start":{"line":7,"column":10},"end":{"line":7,"column":35}},"type":"binary-expr","locations":[{"start":{"line":7,"column":10},"end":{"line":7,"column":19}},{"start":{"line":7,"column":23},"end":{"line":7,"column":35}}],"line":7}},"s":{"0":3,"1":2,"2":2,"3":1,"4":1,"5":1,"6":1,"7":1,"8":3},"f":{"0":2},"b":{"0":[1,1],"1":[2,1]},"_coverageSchema":"1a1c01bbd47fc00a2c39e90264f33305004495a9","hash":"5a3a8d6179df7a779a1e7786dcd48a5a6657888b"}
,"C:\\Users\\ASUS\\OneDrive - Bina Nusantara\\Desktop\\Phase 2\\Dummy-Instagram\\controllers\\chatController.js": {"path":"C:\\Users\\ASUS\\OneDrive - Bina Nusantara\\Desktop\\Phase 2\\Dummy-Instagram\\controllers\\chatController.js","statementMap":{"0":{"start":{"line":1,"column":43},"end":{"line":1,"column":63}},"1":{"start":{"line":2,"column":15},"end":{"line":2,"column":24}},"2":{"start":{"line":3,"column":22},"end":{"line":3,"column":52}},"3":{"start":{"line":8,"column":8},"end":{"line":34,"column":9}},"4":{"start":{"line":9,"column":34},"end":{"line":9,"column":42}},"5":{"start":{"line":10,"column":27},"end":{"line":10,"column":38}},"6":{"start":{"line":12,"column":12},"end":{"line":14,"column":13}},"7":{"start":{"line":13,"column":16},"end":{"line":13,"column":97}},"8":{"start":{"line":17,"column":36},"end":{"line":29,"column":14}},"9":{"start":{"line":31,"column":12},"end":{"line":31,"column":55}},"10":{"start":{"line":33,"column":12},"end":{"line":33,"column":22}},"11":{"start":{"line":39,"column":8},"end":{"line":55,"column":9}},"12":{"start":{"line":40,"column":27},"end":{"line":40,"column":38}},"13":{"start":{"line":41,"column":26},"end":{"line":50,"column":14}},"14":{"start":{"line":52,"column":12},"end":{"line":52,"column":28}},"15":{"start":{"line":54,"column":12},"end":{"line":54,"column":22}},"16":{"start":{"line":60,"column":8},"end":{"line":79,"column":9}},"17":{"start":{"line":61,"column":31},"end":{"line":61,"column":41}},"18":{"start":{"line":62,"column":27},"end":{"line":62,"column":38}},"19":{"start":{"line":65,"column":25},"end":{"line":65,"column":52}},"20":{"start":{"line":66,"column":12},"end":{"line":68,"column":13}},"21":{"start":{"line":67,"column":16},"end":{"line":67,"column":44}},"22":{"start":{"line":70,"column":29},"end":{"line":74,"column":14}},"23":{"start":{"line":76,"column":12},"end":{"line":76,"column":31}},"24":{"start":{"line":78,"column":12},"end":{"line":78,"column":22}},"25":{"start":{"line":83,"column":8},"end":{"line":99,"column":9}},"26":{"start":{"line":84,"column":27},"end":{"line":84,"column":38}},"27":{"start":{"line":85,"column":36},"end":{"line":95,"column":14}},"28":{"start":{"line":96,"column":12},"end":{"line":96,"column":55}},"29":{"start":{"line":98,"column":12},"end":{"line":98,"column":22}},"30":{"start":{"line":104,"column":8},"end":{"line":147,"column":9}},"31":{"start":{"line":105,"column":31},"end":{"line":105,"column":41}},"32":{"start":{"line":106,"column":32},"end":{"line":106,"column":40}},"33":{"start":{"line":107,"column":27},"end":{"line":107,"column":38}},"34":{"start":{"line":108,"column":23},"end":{"line":108,"column":46}},"35":{"start":{"line":110,"column":25},"end":{"line":110,"column":52}},"36":{"start":{"line":111,"column":12},"end":{"line":113,"column":13}},"37":{"start":{"line":112,"column":16},"end":{"line":112,"column":70}},"38":{"start":{"line":117,"column":33},"end":{"line":117,"column":84}},"39":{"start":{"line":118,"column":12},"end":{"line":120,"column":13}},"40":{"start":{"line":119,"column":16},"end":{"line":119,"column":99}},"41":{"start":{"line":123,"column":32},"end":{"line":127,"column":14}},"42":{"start":{"line":129,"column":12},"end":{"line":129,"column":73}},"43":{"start":{"line":131,"column":12},"end":{"line":141,"column":13}},"44":{"start":{"line":132,"column":39},"end":{"line":132,"column":63}},"45":{"start":{"line":134,"column":34},"end":{"line":138,"column":18}},"46":{"start":{"line":140,"column":16},"end":{"line":140,"column":75}},"47":{"start":{"line":143,"column":12},"end":{"line":143,"column":30}},"48":{"start":{"line":144,"column":12},"end":{"line":144,"column":46}},"49":{"start":{"line":146,"column":12},"end":{"line":146,"column":22}},"50":{"start":{"line":151,"column":0},"end":{"line":151,"column":32}}},"fnMap":{"0":{"name":"(anonymous_0)","decl":{"start":{"line":7,"column":4},"end":{"line":7,"column":5}},"loc":{"start":{"line":7,"column":49},"end":{"line":35,"column":5}},"line":7},"1":{"name":"(anonymous_1)","decl":{"start":{"line":38,"column":4},"end":{"line":38,"column":5}},"loc":{"start":{"line":38,"column":46},"end":{"line":56,"column":5}},"line":38},"2":{"name":"(anonymous_2)","decl":{"start":{"line":59,"column":4},"end":{"line":59,"column":5}},"loc":{"start":{"line":59,"column":49},"end":{"line":80,"column":5}},"line":59},"3":{"name":"(anonymous_3)","decl":{"start":{"line":82,"column":4},"end":{"line":82,"column":5}},"loc":{"start":{"line":82,"column":46},"end":{"line":100,"column":5}},"line":82},"4":{"name":"(anonymous_4)","decl":{"start":{"line":103,"column":4},"end":{"line":103,"column":5}},"loc":{"start":{"line":103,"column":45},"end":{"line":148,"column":5}},"line":103}},"branchMap":{"0":{"loc":{"start":{"line":12,"column":12},"end":{"line":14,"column":13}},"type":"if","locations":[{"start":{"line":12,"column":12},"end":{"line":14,"column":13}},{"start":{},"end":{}}],"line":12},"1":{"loc":{"start":{"line":31,"column":23},"end":{"line":31,"column":42}},"type":"cond-expr","locations":[{"start":{"line":31,"column":33},"end":{"line":31,"column":36}},{"start":{"line":31,"column":39},"end":{"line":31,"column":42}}],"line":31},"2":{"loc":{"start":{"line":66,"column":12},"end":{"line":68,"column":13}},"type":"if","locations":[{"start":{"line":66,"column":12},"end":{"line":68,"column":13}},{"start":{},"end":{}}],"line":66},"3":{"loc":{"start":{"line":66,"column":16},"end":{"line":66,"column":78}},"type":"binary-expr","locations":[{"start":{"line":66,"column":16},"end":{"line":66,"column":21}},{"start":{"line":66,"column":26},"end":{"line":66,"column":48}},{"start":{"line":66,"column":52},"end":{"line":66,"column":77}}],"line":66},"4":{"loc":{"start":{"line":96,"column":23},"end":{"line":96,"column":42}},"type":"cond-expr","locations":[{"start":{"line":96,"column":33},"end":{"line":96,"column":36}},{"start":{"line":96,"column":39},"end":{"line":96,"column":42}}],"line":96},"5":{"loc":{"start":{"line":111,"column":12},"end":{"line":113,"column":13}},"type":"if","locations":[{"start":{"line":111,"column":12},"end":{"line":113,"column":13}},{"start":{},"end":{}}],"line":111},"6":{"loc":{"start":{"line":117,"column":33},"end":{"line":117,"column":84}},"type":"binary-expr","locations":[{"start":{"line":117,"column":33},"end":{"line":117,"column":55}},{"start":{"line":117,"column":59},"end":{"line":117,"column":84}}],"line":117},"7":{"loc":{"start":{"line":118,"column":12},"end":{"line":120,"column":13}},"type":"if","locations":[{"start":{"line":118,"column":12},"end":{"line":120,"column":13}},{"start":{},"end":{}}],"line":118},"8":{"loc":{"start":{"line":131,"column":12},"end":{"line":141,"column":13}},"type":"if","locations":[{"start":{"line":131,"column":12},"end":{"line":141,"column":13}},{"start":{},"end":{}}],"line":131}},"s":{"0":3,"1":3,"2":3,"3":4,"4":4,"5":4,"6":4,"7":1,"8":3,"9":2,"10":2,"11":2,"12":2,"13":2,"14":1,"15":1,"16":4,"17":4,"18":4,"19":4,"20":3,"21":2,"22":1,"23":1,"24":3,"25":3,"26":3,"27":3,"28":2,"29":1,"30":5,"31":5,"32":5,"33":5,"34":5,"35":5,"36":5,"37":1,"38":4,"39":4,"40":1,"41":3,"42":2,"43":2,"44":1,"45":1,"46":1,"47":2,"48":2,"49":3,"50":3},"f":{"0":4,"1":2,"2":4,"3":3,"4":5},"b":{"0":[1,3],"1":[1,1],"2":[2,1],"3":[3,2,1],"4":[1,1],"5":[1,4],"6":[4,1],"7":[1,3],"8":[1,1]},"_coverageSchema":"1a1c01bbd47fc00a2c39e90264f33305004495a9","hash":"2917d152140ab09724020f4ab1282f6f8aefef73"}
,"C:\\Users\\ASUS\\OneDrive - Bina Nusantara\\Desktop\\Phase 2\\Dummy-Instagram\\controllers\\postController.js": {"path":"C:\\Users\\ASUS\\OneDrive - Bina Nusantara\\Desktop\\Phase 2\\Dummy-Instagram\\controllers\\postController.js","statementMap":{"0":{"start":{"line":1,"column":46},"end":{"line":1,"column":66}},"1":{"start":{"line":6,"column":4},"end":{"line":33,"column":5}},"2":{"start":{"line":7,"column":49},"end":{"line":7,"column":57}},"3":{"start":{"line":10,"column":6},"end":{"line":12,"column":7}},"4":{"start":{"line":11,"column":8},"end":{"line":11,"column":98}},"5":{"start":{"line":15,"column":19},"end":{"line":20,"column":8}},"6":{"start":{"line":23,"column":21},"end":{"line":26,"column":9}},"7":{"start":{"line":23,"column":46},"end":{"line":26,"column":7}},"8":{"start":{"line":28,"column":6},"end":{"line":28,"column":37}},"9":{"start":{"line":30,"column":6},"end":{"line":30,"column":75}},"10":{"start":{"line":32,"column":6},"end":{"line":32,"column":16}},"11":{"start":{"line":38,"column":4},"end":{"line":52,"column":5}},"12":{"start":{"line":39,"column":20},"end":{"line":48,"column":8}},"13":{"start":{"line":49,"column":6},"end":{"line":49,"column":22}},"14":{"start":{"line":51,"column":6},"end":{"line":51,"column":16}},"15":{"start":{"line":57,"column":4},"end":{"line":66,"column":5}},"16":{"start":{"line":58,"column":20},"end":{"line":62,"column":8}},"17":{"start":{"line":63,"column":6},"end":{"line":63,"column":22}},"18":{"start":{"line":65,"column":6},"end":{"line":65,"column":16}},"19":{"start":{"line":71,"column":4},"end":{"line":83,"column":5}},"20":{"start":{"line":72,"column":21},"end":{"line":72,"column":31}},"21":{"start":{"line":73,"column":49},"end":{"line":73,"column":57}},"22":{"start":{"line":75,"column":19},"end":{"line":75,"column":42}},"23":{"start":{"line":76,"column":6},"end":{"line":76,"column":44}},"24":{"start":{"line":76,"column":17},"end":{"line":76,"column":44}},"25":{"start":{"line":77,"column":6},"end":{"line":77,"column":70}},"26":{"start":{"line":77,"column":39},"end":{"line":77,"column":70}},"27":{"start":{"line":79,"column":6},"end":{"line":79,"column":72}},"28":{"start":{"line":80,"column":6},"end":{"line":80,"column":63}},"29":{"start":{"line":82,"column":6},"end":{"line":82,"column":16}},"30":{"start":{"line":88,"column":4},"end":{"line":98,"column":5}},"31":{"start":{"line":89,"column":21},"end":{"line":89,"column":31}},"32":{"start":{"line":90,"column":19},"end":{"line":90,"column":42}},"33":{"start":{"line":91,"column":6},"end":{"line":91,"column":44}},"34":{"start":{"line":91,"column":17},"end":{"line":91,"column":44}},"35":{"start":{"line":92,"column":6},"end":{"line":92,"column":70}},"36":{"start":{"line":92,"column":39},"end":{"line":92,"column":70}},"37":{"start":{"line":94,"column":6},"end":{"line":94,"column":27}},"38":{"start":{"line":95,"column":6},"end":{"line":95,"column":57}},"39":{"start":{"line":97,"column":6},"end":{"line":97,"column":16}},"40":{"start":{"line":103,"column":4},"end":{"line":123,"column":5}},"41":{"start":{"line":104,"column":21},"end":{"line":104,"column":31}},"42":{"start":{"line":105,"column":19},"end":{"line":105,"column":42}},"43":{"start":{"line":106,"column":6},"end":{"line":106,"column":44}},"44":{"start":{"line":106,"column":17},"end":{"line":106,"column":44}},"45":{"start":{"line":108,"column":27},"end":{"line":110,"column":8}},"46":{"start":{"line":113,"column":6},"end":{"line":119,"column":7}},"47":{"start":{"line":114,"column":8},"end":{"line":114,"column":37}},"48":{"start":{"line":115,"column":8},"end":{"line":115,"column":33}},"49":{"start":{"line":117,"column":8},"end":{"line":117,"column":63}},"50":{"start":{"line":118,"column":8},"end":{"line":118,"column":31}},"51":{"start":{"line":120,"column":6},"end":{"line":120,"column":28}},"52":{"start":{"line":122,"column":6},"end":{"line":122,"column":16}},"53":{"start":{"line":127,"column":0},"end":{"line":127,"column":32}}},"fnMap":{"0":{"name":"(anonymous_0)","decl":{"start":{"line":5,"column":2},"end":{"line":5,"column":3}},"loc":{"start":{"line":5,"column":42},"end":{"line":34,"column":3}},"line":5},"1":{"name":"(anonymous_1)","decl":{"start":{"line":23,"column":35},"end":{"line":23,"column":36}},"loc":{"start":{"line":23,"column":46},"end":{"line":26,"column":7}},"line":23},"2":{"name":"(anonymous_2)","decl":{"start":{"line":37,"column":2},"end":{"line":37,"column":3}},"loc":{"start":{"line":37,"column":49},"end":{"line":53,"column":3}},"line":37},"3":{"name":"(anonymous_3)","decl":{"start":{"line":56,"column":2},"end":{"line":56,"column":3}},"loc":{"start":{"line":56,"column":42},"end":{"line":67,"column":3}},"line":56},"4":{"name":"(anonymous_4)","decl":{"start":{"line":70,"column":2},"end":{"line":70,"column":3}},"loc":{"start":{"line":70,"column":42},"end":{"line":84,"column":3}},"line":70},"5":{"name":"(anonymous_5)","decl":{"start":{"line":87,"column":2},"end":{"line":87,"column":3}},"loc":{"start":{"line":87,"column":42},"end":{"line":99,"column":3}},"line":87},"6":{"name":"(anonymous_6)","decl":{"start":{"line":102,"column":2},"end":{"line":102,"column":3}},"loc":{"start":{"line":102,"column":42},"end":{"line":124,"column":3}},"line":102}},"branchMap":{"0":{"loc":{"start":{"line":10,"column":6},"end":{"line":12,"column":7}},"type":"if","locations":[{"start":{"line":10,"column":6},"end":{"line":12,"column":7}},{"start":{},"end":{}}],"line":10},"1":{"loc":{"start":{"line":10,"column":10},"end":{"line":10,"column":46}},"type":"binary-expr","locations":[{"start":{"line":10,"column":10},"end":{"line":10,"column":20}},{"start":{"line":10,"column":24},"end":{"line":10,"column":46}}],"line":10},"2":{"loc":{"start":{"line":76,"column":6},"end":{"line":76,"column":44}},"type":"if","locations":[{"start":{"line":76,"column":6},"end":{"line":76,"column":44}},{"start":{},"end":{}}],"line":76},"3":{"loc":{"start":{"line":77,"column":6},"end":{"line":77,"column":70}},"type":"if","locations":[{"start":{"line":77,"column":6},"end":{"line":77,"column":70}},{"start":{},"end":{}}],"line":77},"4":{"loc":{"start":{"line":91,"column":6},"end":{"line":91,"column":44}},"type":"if","locations":[{"start":{"line":91,"column":6},"end":{"line":91,"column":44}},{"start":{},"end":{}}],"line":91},"5":{"loc":{"start":{"line":92,"column":6},"end":{"line":92,"column":70}},"type":"if","locations":[{"start":{"line":92,"column":6},"end":{"line":92,"column":70}},{"start":{},"end":{}}],"line":92},"6":{"loc":{"start":{"line":106,"column":6},"end":{"line":106,"column":44}},"type":"if","locations":[{"start":{"line":106,"column":6},"end":{"line":106,"column":44}},{"start":{},"end":{}}],"line":106},"7":{"loc":{"start":{"line":113,"column":6},"end":{"line":119,"column":7}},"type":"if","locations":[{"start":{"line":113,"column":6},"end":{"line":119,"column":7}},{"start":{"line":116,"column":13},"end":{"line":119,"column":7}}],"line":113}},"s":{"0":3,"1":3,"2":3,"3":3,"4":1,"5":2,"6":1,"7":2,"8":1,"9":1,"10":2,"11":2,"12":2,"13":1,"14":1,"15":2,"16":2,"17":1,"18":1,"19":4,"20":4,"21":4,"22":4,"23":4,"24":1,"25":3,"26":1,"27":2,"28":1,"29":3,"30":4,"31":4,"32":4,"33":4,"34":1,"35":3,"36":1,"37":2,"38":1,"39":3,"40":4,"41":4,"42":4,"43":3,"44":1,"45":2,"46":2,"47":1,"48":1,"49":1,"50":1,"51":2,"52":2,"53":3},"f":{"0":3,"1":2,"2":2,"3":2,"4":4,"5":4,"6":4},"b":{"0":[1,2],"1":[3,3],"2":[1,3],"3":[1,2],"4":[1,3],"5":[1,2],"6":[1,2],"7":[1,1]},"_coverageSchema":"1a1c01bbd47fc00a2c39e90264f33305004495a9","hash":"7acbe67c59c0a71f7523b6569d057e7acc03f284"}
,"C:\\Users\\ASUS\\OneDrive - Bina Nusantara\\Desktop\\Phase 2\\Dummy-Instagram\\controllers\\userController.js": {"path":"C:\\Users\\ASUS\\OneDrive - Bina Nusantara\\Desktop\\Phase 2\\Dummy-Instagram\\controllers\\userController.js","statementMap":{"0":{"start":{"line":1,"column":17},"end":{"line":1,"column":37}},"1":{"start":{"line":2,"column":15},"end":{"line":2,"column":34}},"2":{"start":{"line":3,"column":22},"end":{"line":3,"column":47}},"3":{"start":{"line":4,"column":25},"end":{"line":4,"column":55}},"4":{"start":{"line":5,"column":15},"end":{"line":5,"column":33}},"5":{"start":{"line":10,"column":8},"end":{"line":20,"column":9}},"6":{"start":{"line":11,"column":50},"end":{"line":11,"column":58}},"7":{"start":{"line":12,"column":28},"end":{"line":12,"column":76}},"8":{"start":{"line":13,"column":12},"end":{"line":17,"column":15}},"9":{"start":{"line":19,"column":12},"end":{"line":19,"column":22}},"10":{"start":{"line":24,"column":8},"end":{"line":44,"column":9}},"11":{"start":{"line":25,"column":40},"end":{"line":25,"column":48}},"12":{"start":{"line":26,"column":12},"end":{"line":28,"column":13}},"13":{"start":{"line":27,"column":16},"end":{"line":27,"column":89}},"14":{"start":{"line":30,"column":25},"end":{"line":30,"column":65}},"15":{"start":{"line":31,"column":12},"end":{"line":33,"column":13}},"16":{"start":{"line":32,"column":16},"end":{"line":32,"column":47}},"17":{"start":{"line":35,"column":36},"end":{"line":35,"column":79}},"18":{"start":{"line":36,"column":12},"end":{"line":38,"column":13}},"19":{"start":{"line":37,"column":16},"end":{"line":37,"column":47}},"20":{"start":{"line":40,"column":26},"end":{"line":40,"column":52}},"21":{"start":{"line":41,"column":12},"end":{"line":41,"column":58}},"22":{"start":{"line":43,"column":12},"end":{"line":43,"column":22}},"23":{"start":{"line":48,"column":8},"end":{"line":73,"column":9}},"24":{"start":{"line":49,"column":37},"end":{"line":49,"column":45}},"25":{"start":{"line":51,"column":27},"end":{"line":54,"column":14}},"26":{"start":{"line":55,"column":28},"end":{"line":55,"column":47}},"27":{"start":{"line":57,"column":36},"end":{"line":66,"column":14}},"28":{"start":{"line":68,"column":33},"end":{"line":68,"column":59}},"29":{"start":{"line":69,"column":12},"end":{"line":69,"column":51}},"30":{"start":{"line":72,"column":12},"end":{"line":72,"column":22}},"31":{"start":{"line":77,"column":0},"end":{"line":77,"column":32}}},"fnMap":{"0":{"name":"(anonymous_0)","decl":{"start":{"line":9,"column":4},"end":{"line":9,"column":5}},"loc":{"start":{"line":9,"column":42},"end":{"line":21,"column":5}},"line":9},"1":{"name":"(anonymous_1)","decl":{"start":{"line":23,"column":4},"end":{"line":23,"column":5}},"loc":{"start":{"line":23,"column":39},"end":{"line":45,"column":5}},"line":23},"2":{"name":"(anonymous_2)","decl":{"start":{"line":47,"column":4},"end":{"line":47,"column":5}},"loc":{"start":{"line":47,"column":46},"end":{"line":74,"column":5}},"line":47}},"branchMap":{"0":{"loc":{"start":{"line":26,"column":12},"end":{"line":28,"column":13}},"type":"if","locations":[{"start":{"line":26,"column":12},"end":{"line":28,"column":13}},{"start":{},"end":{}}],"line":26},"1":{"loc":{"start":{"line":26,"column":16},"end":{"line":26,"column":35}},"type":"binary-expr","locations":[{"start":{"line":26,"column":16},"end":{"line":26,"column":22}},{"start":{"line":26,"column":26},"end":{"line":26,"column":35}}],"line":26},"2":{"loc":{"start":{"line":31,"column":12},"end":{"line":33,"column":13}},"type":"if","locations":[{"start":{"line":31,"column":12},"end":{"line":33,"column":13}},{"start":{},"end":{}}],"line":31},"3":{"loc":{"start":{"line":36,"column":12},"end":{"line":38,"column":13}},"type":"if","locations":[{"start":{"line":36,"column":12},"end":{"line":38,"column":13}},{"start":{},"end":{}}],"line":36}},"s":{"0":3,"1":3,"2":3,"3":3,"4":3,"5":2,"6":2,"7":2,"8":1,"9":1,"10":5,"11":5,"12":5,"13":1,"14":4,"15":3,"16":1,"17":2,"18":2,"19":1,"20":1,"21":1,"22":4,"23":2,"24":2,"25":2,"26":1,"27":1,"28":1,"29":1,"30":1,"31":3},"f":{"0":2,"1":5,"2":2},"b":{"0":[1,4],"1":[5,5],"2":[1,2],"3":[1,1]},"_coverageSchema":"1a1c01bbd47fc00a2c39e90264f33305004495a9","hash":"b7038bc766a82e2013af060f79b91bd96e2958df"}
,"C:\\Users\\ASUS\\OneDrive - Bina Nusantara\\Desktop\\Phase 2\\Dummy-Instagram\\helpers\\aiHelper.js": {"path":"C:\\Users\\ASUS\\OneDrive - Bina Nusantara\\Desktop\\Phase 2\\Dummy-Instagram\\helpers\\aiHelper.js","statementMap":{"0":{"start":{"line":1,"column":31},"end":{"line":1,"column":63}},"1":{"start":{"line":3,"column":14},"end":{"line":3,"column":64}},"2":{"start":{"line":4,"column":14},"end":{"line":4,"column":67}},"3":{"start":{"line":8,"column":2},"end":{"line":21,"column":12}},"4":{"start":{"line":25,"column":2},"end":{"line":32,"column":3}},"5":{"start":{"line":26,"column":19},"end":{"line":26,"column":54}},"6":{"start":{"line":27,"column":20},"end":{"line":27,"column":42}},"7":{"start":{"line":28,"column":4},"end":{"line":28,"column":30}},"8":{"start":{"line":30,"column":4},"end":{"line":30,"column":47}},"9":{"start":{"line":31,"column":4},"end":{"line":31,"column":63}},"10":{"start":{"line":35,"column":0},"end":{"line":35,"column":42}}},"fnMap":{"0":{"name":"cleanText","decl":{"start":{"line":7,"column":9},"end":{"line":7,"column":18}},"loc":{"start":{"line":7,"column":30},"end":{"line":22,"column":1}},"line":7},"1":{"name":"askGemini","decl":{"start":{"line":24,"column":15},"end":{"line":24,"column":24}},"loc":{"start":{"line":24,"column":33},"end":{"line":33,"column":1}},"line":24}},"branchMap":{"0":{"loc":{"start":{"line":7,"column":19},"end":{"line":7,"column":28}},"type":"default-arg","locations":[{"start":{"line":7,"column":26},"end":{"line":7,"column":28}}],"line":7}},"s":{"0":8,"1":8,"2":8,"3":4,"4":3,"5":3,"6":2,"7":2,"8":1,"9":1,"10":8},"f":{"0":4,"1":3},"b":{"0":[1]},"_coverageSchema":"1a1c01bbd47fc00a2c39e90264f33305004495a9","hash":"fd9791976abbe13793b9b2827d339e4ac9952aca"}
,"C:\\Users\\ASUS\\OneDrive - Bina Nusantara\\Desktop\\Phase 2\\Dummy-Instagram\\helpers\\aiRecommendation.js": {"path":"C:\\Users\\ASUS\\OneDrive - Bina Nusantara\\Desktop\\Phase 2\\Dummy-Instagram\\helpers\\aiRecommendation.js","statementMap":{"0":{"start":{"line":1,"column":31},"end":{"line":1,"column":63}},"1":{"start":{"line":2,"column":39},"end":{"line":2,"column":59}},"2":{"start":{"line":3,"column":15},"end":{"line":3,"column":35}},"3":{"start":{"line":6,"column":2},"end":{"line":68,"column":3}},"4":{"start":{"line":8,"column":18},"end":{"line":8,"column":68}},"5":{"start":{"line":9,"column":18},"end":{"line":9,"column":71}},"6":{"start":{"line":11,"column":23},"end":{"line":14,"column":6}},"7":{"start":{"line":17,"column":4},"end":{"line":24,"column":5}},"8":{"start":{"line":18,"column":6},"end":{"line":23,"column":9}},"9":{"start":{"line":26,"column":26},"end":{"line":31,"column":17}},"10":{"start":{"line":29,"column":10},"end":{"line":29,"column":86}},"11":{"start":{"line":33,"column":19},"end":{"line":39,"column":5}},"12":{"start":{"line":41,"column":19},"end":{"line":41,"column":54}},"13":{"start":{"line":42,"column":27},"end":{"line":42,"column":49}},"14":{"start":{"line":43,"column":23},"end":{"line":43,"column":69}},"15":{"start":{"line":43,"column":60},"end":{"line":43,"column":68}},"16":{"start":{"line":45,"column":29},"end":{"line":57,"column":6}},"17":{"start":{"line":59,"column":4},"end":{"line":59,"column":28}},"18":{"start":{"line":61,"column":4},"end":{"line":61,"column":60}},"19":{"start":{"line":62,"column":4},"end":{"line":67,"column":7}},"20":{"start":{"line":71,"column":0},"end":{"line":71,"column":42}}},"fnMap":{"0":{"name":"getAIRecommendations","decl":{"start":{"line":5,"column":15},"end":{"line":5,"column":35}},"loc":{"start":{"line":5,"column":44},"end":{"line":69,"column":1}},"line":5},"1":{"name":"(anonymous_1)","decl":{"start":{"line":28,"column":8},"end":{"line":28,"column":9}},"loc":{"start":{"line":29,"column":10},"end":{"line":29,"column":86}},"line":29},"2":{"name":"(anonymous_2)","decl":{"start":{"line":43,"column":53},"end":{"line":43,"column":54}},"loc":{"start":{"line":43,"column":60},"end":{"line":43,"column":68}},"line":43}},"branchMap":{"0":{"loc":{"start":{"line":17,"column":4},"end":{"line":24,"column":5}},"type":"if","locations":[{"start":{"line":17,"column":4},"end":{"line":24,"column":5}},{"start":{},"end":{}}],"line":17},"1":{"loc":{"start":{"line":17,"column":8},"end":{"line":17,"column":44}},"type":"binary-expr","locations":[{"start":{"line":17,"column":8},"end":{"line":17,"column":19}},{"start":{"line":17,"column":23},"end":{"line":17,"column":44}}],"line":17},"2":{"loc":{"start":{"line":29,"column":49},"end":{"line":29,"column":83}},"type":"binary-expr","locations":[{"start":{"line":29,"column":49},"end":{"line":29,"column":73}},{"start":{"line":29,"column":77},"end":{"line":29,"column":83}}],"line":29}},"s":{"0":7,"1":7,"2":7,"3":4,"4":4,"5":4,"6":4,"7":3,"8":1,"9":2,"10":6,"11":2,"12":2,"13":2,"14":2,"15":5,"16":2,"17":2,"18":1,"19":1,"20":7},"f":{"0":4,"1":6,"2":5},"b":{"0":[1,2],"1":[3,3],"2":[6,2]},"_coverageSchema":"1a1c01bbd47fc00a2c39e90264f33305004495a9","hash":"b1fba11a44899570364f599bbe9715df05009abc"}
,"C:\\Users\\ASUS\\OneDrive - Bina Nusantara\\Desktop\\Phase 2\\Dummy-Instagram\\helpers\\authMiddleware.js": {"path":"C:\\Users\\ASUS\\OneDrive - Bina Nusantara\\Desktop\\Phase 2\\Dummy-Instagram\\helpers\\authMiddleware.js","statementMap":{"0":{"start":{"line":1,"column":24},"end":{"line":1,"column":40}},"1":{"start":{"line":2,"column":17},"end":{"line":2,"column":37}},"2":{"start":{"line":4,"column":0},"end":{"line":28,"column":2}},"3":{"start":{"line":5,"column":2},"end":{"line":27,"column":3}},"4":{"start":{"line":6,"column":24},"end":{"line":6,"column":49}},"5":{"start":{"line":7,"column":4},"end":{"line":9,"column":5}},"6":{"start":{"line":8,"column":6},"end":{"line":8,"column":68}},"7":{"start":{"line":11,"column":18},"end":{"line":11,"column":43}},"8":{"start":{"line":12,"column":20},"end":{"line":12,"column":38}},"9":{"start":{"line":13,"column":17},"end":{"line":13,"column":48}},"10":{"start":{"line":14,"column":4},"end":{"line":14,"column":73}},"11":{"start":{"line":14,"column":15},"end":{"line":14,"column":73}},"12":{"start":{"line":16,"column":4},"end":{"line":16,"column":20}},"13":{"start":{"line":17,"column":4},"end":{"line":17,"column":28}},"14":{"start":{"line":18,"column":4},"end":{"line":18,"column":11}},"15":{"start":{"line":20,"column":4},"end":{"line":26,"column":5}},"16":{"start":{"line":21,"column":6},"end":{"line":21,"column":16}},"17":{"start":{"line":22,"column":11},"end":{"line":26,"column":5}},"18":{"start":{"line":23,"column":6},"end":{"line":23,"column":68}},"19":{"start":{"line":25,"column":6},"end":{"line":25,"column":68}}},"fnMap":{"0":{"name":"authMiddleware","decl":{"start":{"line":4,"column":32},"end":{"line":4,"column":46}},"loc":{"start":{"line":4,"column":63},"end":{"line":28,"column":1}},"line":4}},"branchMap":{"0":{"loc":{"start":{"line":7,"column":4},"end":{"line":9,"column":5}},"type":"if","locations":[{"start":{"line":7,"column":4},"end":{"line":9,"column":5}},{"start":{},"end":{}}],"line":7},"1":{"loc":{"start":{"line":7,"column":8},"end":{"line":7,"column":58}},"type":"binary-expr","locations":[{"start":{"line":7,"column":8},"end":{"line":7,"column":20}},{"start":{"line":7,"column":24},"end":{"line":7,"column":58}}],"line":7},"2":{"loc":{"start":{"line":14,"column":4},"end":{"line":14,"column":73}},"type":"if","locations":[{"start":{"line":14,"column":4},"end":{"line":14,"column":73}},{"start":{},"end":{}}],"line":14},"3":{"loc":{"start":{"line":20,"column":4},"end":{"line":26,"column":5}},"type":"if","locations":[{"start":{"line":20,"column":4},"end":{"line":26,"column":5}},{"start":{"line":22,"column":11},"end":{"line":26,"column":5}}],"line":20},"4":{"loc":{"start":{"line":22,"column":11},"end":{"line":26,"column":5}},"type":"if","locations":[{"start":{"line":22,"column":11},"end":{"line":26,"column":5}},{"start":{"line":24,"column":11},"end":{"line":26,"column":5}}],"line":22}},"s":{"0":6,"1":6,"2":6,"3":6,"4":6,"5":6,"6":2,"7":4,"8":4,"9":3,"10":2,"11":1,"12":1,"13":1,"14":1,"15":5,"16":3,"17":2,"18":1,"19":1},"f":{"0":6},"b":{"0":[2,4],"1":[6,5],"2":[1,1],"3":[3,2],"4":[1,1]},"_coverageSchema":"1a1c01bbd47fc00a2c39e90264f33305004495a9","hash":"da15475db48041279c05eae50906191f14ebd303"}
,"C:\\Users\\ASUS\\OneDrive - Bina Nusantara\\Desktop\\Phase 2\\Dummy-Instagram\\helpers\\cloudinary.js": {"path":"C:\\Users\\ASUS\\OneDrive - Bina Nusantara\\Desktop\\Phase 2\\Dummy-Instagram\\helpers\\cloudinary.js","statementMap":{"0":{"start":{"line":1,"column":19},"end":{"line":1,"column":43}},"1":{"start":{"line":2,"column":30},"end":{"line":2,"column":66}},"2":{"start":{"line":3,"column":15},"end":{"line":3,"column":32}},"3":{"start":{"line":5,"column":0},"end":{"line":9,"column":3}},"4":{"start":{"line":11,"column":16},"end":{"line":18,"column":2}},"5":{"start":{"line":20,"column":15},"end":{"line":20,"column":34}},"6":{"start":{"line":22,"column":0},"end":{"line":22,"column":24}}},"fnMap":{},"branchMap":{},"s":{"0":5,"1":5,"2":5,"3":5,"4":5,"5":5,"6":5},"f":{},"b":{},"_coverageSchema":"1a1c01bbd47fc00a2c39e90264f33305004495a9","hash":"b5c712c03dc49f3dc144389fe011736580e525df"}
,"C:\\Users\\ASUS\\OneDrive - Bina Nusantara\\Desktop\\Phase 2\\Dummy-Instagram\\helpers\\handleError.js": {"path":"C:\\Users\\ASUS\\OneDrive - Bina Nusantara\\Desktop\\Phase 2\\Dummy-Instagram\\helpers\\handleError.js","statementMap":{"0":{"start":{"line":2,"column":2},"end":{"line":2,"column":31}},"1":{"start":{"line":4,"column":2},"end":{"line":6,"column":3}},"2":{"start":{"line":5,"column":4},"end":{"line":5,"column":68}},"3":{"start":{"line":8,"column":2},"end":{"line":10,"column":3}},"4":{"start":{"line":9,"column":4},"end":{"line":9,"column":74}},"5":{"start":{"line":12,"column":2},"end":{"line":14,"column":3}},"6":{"start":{"line":13,"column":4},"end":{"line":13,"column":63}},"7":{"start":{"line":16,"column":2},"end":{"line":18,"column":3}},"8":{"start":{"line":17,"column":4},"end":{"line":17,"column":75}},"9":{"start":{"line":20,"column":2},"end":{"line":23,"column":3}},"10":{"start":{"line":21,"column":21},"end":{"line":21,"column":51}},"11":{"start":{"line":21,"column":41},"end":{"line":21,"column":50}},"12":{"start":{"line":22,"column":4},"end":{"line":22,"column":55}},"13":{"start":{"line":25,"column":2},"end":{"line":27,"column":5}},"14":{"start":{"line":30,"column":0},"end":{"line":30,"column":29}}},"fnMap":{"0":{"name":"handleError","decl":{"start":{"line":1,"column":9},"end":{"line":1,"column":20}},"loc":{"start":{"line":1,"column":41},"end":{"line":28,"column":1}},"line":1},"1":{"name":"(anonymous_1)","decl":{"start":{"line":21,"column":36},"end":{"line":21,"column":37}},"loc":{"start":{"line":21,"column":41},"end":{"line":21,"column":50}},"line":21}},"branchMap":{"0":{"loc":{"start":{"line":4,"column":2},"end":{"line":6,"column":3}},"type":"if","locations":[{"start":{"line":4,"column":2},"end":{"line":6,"column":3}},{"start":{},"end":{}}],"line":4},"1":{"loc":{"start":{"line":8,"column":2},"end":{"line":10,"column":3}},"type":"if","locations":[{"start":{"line":8,"column":2},"end":{"line":10,"column":3}},{"start":{},"end":{}}],"line":8},"2":{"loc":{"start":{"line":12,"column":2},"end":{"line":14,"column":3}},"type":"if","locations":[{"start":{"line":12,"column":2},"end":{"line":14,"column":3}},{"start":{},"end":{}}],"line":12},"3":{"loc":{"start":{"line":16,"column":2},"end":{"line":18,"column":3}},"type":"if","locations":[{"start":{"line":16,"column":2},"end":{"line":18,"column":3}},{"start":{},"end":{}}],"line":16},"4":{"loc":{"start":{"line":17,"column":43},"end":{"line":17,"column":71}},"type":"binary-expr","locations":[{"start":{"line":17,"column":43},"end":{"line":17,"column":54}},{"start":{"line":17,"column":58},"end":{"line":17,"column":71}}],"line":17},"5":{"loc":{"start":{"line":20,"column":2},"end":{"line":23,"column":3}},"type":"if","locations":[{"start":{"line":20,"column":2},"end":{"line":23,"column":3}},{"start":{},"end":{}}],"line":20},"6":{"loc":{"start":{"line":20,"column":6},"end":{"line":20,"column":94}},"type":"binary-expr","locations":[{"start":{"line":20,"column":6},"end":{"line":20,"column":45}},{"start":{"line":20,"column":49},"end":{"line":20,"column":94}}],"line":20}},"s":{"0":8,"1":8,"2":1,"3":7,"4":1,"5":6,"6":1,"7":5,"8":2,"9":3,"10":2,"11":3,"12":2,"13":1,"14":3},"f":{"0":8,"1":3},"b":{"0":[1,7],"1":[1,6],"2":[1,5],"3":[2,3],"4":[2,1],"5":[2,1],"6":[3,2]},"_coverageSchema":"1a1c01bbd47fc00a2c39e90264f33305004495a9","hash":"c2354f978bf3faa64bb0eed70640c0f9b3ddd7a3"}
,"C:\\Users\\ASUS\\OneDrive - Bina Nusantara\\Desktop\\Phase 2\\Dummy-Instagram\\helpers\\jwt.js": {"path":"C:\\Users\\ASUS\\OneDrive - Bina Nusantara\\Desktop\\Phase 2\\Dummy-Instagram\\helpers\\jwt.js","statementMap":{"0":{"start":{"line":1,"column":12},"end":{"line":1,"column":35}},"1":{"start":{"line":2,"column":15},"end":{"line":2,"column":37}},"2":{"start":{"line":5,"column":2},"end":{"line":5,"column":35}},"3":{"start":{"line":9,"column":2},"end":{"line":9,"column":35}},"4":{"start":{"line":12,"column":0},"end":{"line":12,"column":44}}},"fnMap":{"0":{"name":"signToken","decl":{"start":{"line":4,"column":9},"end":{"line":4,"column":18}},"loc":{"start":{"line":4,"column":28},"end":{"line":6,"column":1}},"line":4},"1":{"name":"verifyToken","decl":{"start":{"line":8,"column":9},"end":{"line":8,"column":20}},"loc":{"start":{"line":8,"column":28},"end":{"line":10,"column":1}},"line":8}},"branchMap":{},"s":{"0":10,"1":10,"2":1,"3":2,"4":10},"f":{"0":1,"1":2},"b":{},"_coverageSchema":"1a1c01bbd47fc00a2c39e90264f33305004495a9","hash":"d7b8e9b1304ab0135964e79a9372e3a90c422c73"}
,"C:\\Users\\ASUS\\OneDrive - Bina Nusantara\\Desktop\\Phase 2\\Dummy-Instagram\\routes\\aiRouter.js": {"path":"C:\\Users\\ASUS\\OneDrive - Bina Nusantara\\Desktop\\Phase 2\\Dummy-Instagram\\routes\\aiRouter.js","statementMap":{"0":{"start":{"line":1,"column":16},"end":{"line":1,"column":34}},"1":{"start":{"line":2,"column":15},"end":{"line":2,"column":31}},"2":{"start":{"line":3,"column":21},"end":{"line":3,"column":59}},"3":{"start":{"line":4,"column":13},"end":{"line":4,"column":49}},"4":{"start":{"line":7,"column":0},"end":{"line":7,"column":70}},"5":{"start":{"line":9,"column":0},"end":{"line":9,"column":24}}},"fnMap":{},"branchMap":{},"s":{"0":2,"1":2,"2":2,"3":2,"4":2,"5":2},"f":{},"b":{},"_coverageSchema":"1a1c01bbd47fc00a2c39e90264f33305004495a9","hash":"84c1c0d1538754070138406039d321ec6a74e1d2"}
,"C:\\Users\\ASUS\\OneDrive - Bina Nusantara\\Desktop\\Phase 2\\Dummy-Instagram\\routes\\chatRouter.js": {"path":"C:\\Users\\ASUS\\OneDrive - Bina Nusantara\\Desktop\\Phase 2\\Dummy-Instagram\\routes\\chatRouter.js","statementMap":{"0":{"start":{"line":1,"column":16},"end":{"line":1,"column":34}},"1":{"start":{"line":2,"column":15},"end":{"line":2,"column":31}},"2":{"start":{"line":3,"column":23},"end":{"line":3,"column":63}},"3":{"start":{"line":4,"column":13},"end":{"line":4,"column":49}},"4":{"start":{"line":6,"column":0},"end":{"line":6,"column":17}},"5":{"start":{"line":9,"column":0},"end":{"line":9,"column":48}},"6":{"start":{"line":12,"column":0},"end":{"line":12,"column":49}},"7":{"start":{"line":15,"column":0},"end":{"line":15,"column":45}},"8":{"start":{"line":18,"column":0},"end":{"line":18,"column":64}},"9":{"start":{"line":21,"column":0},"end":{"line":21,"column":61}},"10":{"start":{"line":23,"column":0},"end":{"line":23,"column":24}}},"fnMap":{},"branchMap":{},"s":{"0":2,"1":2,"2":2,"3":2,"4":2,"5":2,"6":2,"7":2,"8":2,"9":2,"10":2},"f":{},"b":{},"_coverageSchema":"1a1c01bbd47fc00a2c39e90264f33305004495a9","hash":"82ea6aef909da7b2c964a610d5e39ab2afbe64cc"}
,"C:\\Users\\ASUS\\OneDrive - Bina Nusantara\\Desktop\\Phase 2\\Dummy-Instagram\\routes\\index.js": {"path":"C:\\Users\\ASUS\\OneDrive - Bina Nusantara\\Desktop\\Phase 2\\Dummy-Instagram\\routes\\index.js","statementMap":{"0":{"start":{"line":1,"column":16},"end":{"line":1,"column":34}},"1":{"start":{"line":2,"column":15},"end":{"line":2,"column":31}},"2":{"start":{"line":4,"column":19},"end":{"line":4,"column":42}},"3":{"start":{"line":5,"column":19},"end":{"line":5,"column":42}},"4":{"start":{"line":6,"column":19},"end":{"line":6,"column":42}},"5":{"start":{"line":7,"column":17},"end":{"line":7,"column":38}},"6":{"start":{"line":9,"column":0},"end":{"line":9,"column":33}},"7":{"start":{"line":10,"column":0},"end":{"line":10,"column":33}},"8":{"start":{"line":11,"column":0},"end":{"line":11,"column":33}},"9":{"start":{"line":12,"column":0},"end":{"line":12,"column":28}},"10":{"start":{"line":14,"column":0},"end":{"line":14,"column":24}}},"fnMap":{},"branchMap":{},"s":{"0":2,"1":2,"2":2,"3":2,"4":2,"5":2,"6":2,"7":2,"8":2,"9":2,"10":2},"f":{},"b":{},"_coverageSchema":"1a1c01bbd47fc00a2c39e90264f33305004495a9","hash":"35e9222ce2119a7ca65c7e97b3f75ef8fdeec91b"}
,"C:\\Users\\ASUS\\OneDrive - Bina Nusantara\\Desktop\\Phase 2\\Dummy-Instagram\\routes\\postRouter.js": {"path":"C:\\Users\\ASUS\\OneDrive - Bina Nusantara\\Desktop\\Phase 2\\Dummy-Instagram\\routes\\postRouter.js","statementMap":{"0":{"start":{"line":1,"column":16},"end":{"line":1,"column":34}},"1":{"start":{"line":2,"column":15},"end":{"line":2,"column":31}},"2":{"start":{"line":3,"column":23},"end":{"line":3,"column":63}},"3":{"start":{"line":4,"column":13},"end":{"line":4,"column":49}},"4":{"start":{"line":5,"column":15},"end":{"line":5,"column":47}},"5":{"start":{"line":8,"column":0},"end":{"line":8,"column":77}},"6":{"start":{"line":10,"column":0},"end":{"line":10,"column":50}},"7":{"start":{"line":11,"column":0},"end":{"line":11,"column":51}},"8":{"start":{"line":13,"column":0},"end":{"line":13,"column":52}},"9":{"start":{"line":14,"column":0},"end":{"line":14,"column":55}},"10":{"start":{"line":16,"column":0},"end":{"line":16,"column":58}},"11":{"start":{"line":18,"column":0},"end":{"line":18,"column":24}}},"fnMap":{},"branchMap":{},"s":{"0":2,"1":2,"2":2,"3":2,"4":2,"5":2,"6":2,"7":2,"8":2,"9":2,"10":2,"11":2},"f":{},"b":{},"_coverageSchema":"1a1c01bbd47fc00a2c39e90264f33305004495a9","hash":"9dfcfb4e2b89bdf5bea27a6193353ae105013ec7"}
,"C:\\Users\\ASUS\\OneDrive - Bina Nusantara\\Desktop\\Phase 2\\Dummy-Instagram\\routes\\userRouter.js": {"path":"C:\\Users\\ASUS\\OneDrive - Bina Nusantara\\Desktop\\Phase 2\\Dummy-Instagram\\routes\\userRouter.js","statementMap":{"0":{"start":{"line":1,"column":16},"end":{"line":1,"column":34}},"1":{"start":{"line":2,"column":23},"end":{"line":2,"column":63}},"2":{"start":{"line":3,"column":15},"end":{"line":3,"column":31}},"3":{"start":{"line":5,"column":0},"end":{"line":5,"column":50}},"4":{"start":{"line":6,"column":0},"end":{"line":6,"column":44}},"5":{"start":{"line":7,"column":0},"end":{"line":7,"column":57}},"6":{"start":{"line":10,"column":0},"end":{"line":10,"column":24}}},"fnMap":{},"branchMap":{},"s":{"0":2,"1":2,"2":2,"3":2,"4":2,"5":2,"6":2},"f":{},"b":{},"_coverageSchema":"1a1c01bbd47fc00a2c39e90264f33305004495a9","hash":"9a3c94306d7c8d600d66c8c45211556638027bfe"}
}
