{"C:\\Users\\ASUS\\OneDrive - Bina Nusantara\\Desktop\\Phase 2\\Dummy-Instagram\\config\\config.js": {"path":"C:\\Users\\ASUS\\OneDrive - Bina Nusantara\\Desktop\\Phase 2\\Dummy-Instagram\\config\\config.js","statementMap":{"0":{"start":{"line":7,"column":0},"end":{"line":30,"column":2}}},"fnMap":{},"branchMap":{"0":{"loc":{"start":{"line":10,"column":9},"end":{"line":10,"column":31}},"type":"binary-expr","locations":[{"start":{"line":10,"column":9},"end":{"line":10,"column":23}},{"start":{"line":10,"column":27},"end":{"line":10,"column":31}}],"line":10},"1":{"loc":{"start":{"line":14,"column":20},"end":{"line":14,"column":95}},"type":"cond-expr","locations":[{"start":{"line":14,"column":52},"end":{"line":14,"column":90}},{"start":{"line":14,"column":93},"end":{"line":14,"column":95}}],"line":14},"2":{"loc":{"start":{"line":18,"column":9},"end":{"line":18,"column":31}},"type":"binary-expr","locations":[{"start":{"line":18,"column":9},"end":{"line":18,"column":23}},{"start":{"line":18,"column":27},"end":{"line":18,"column":31}}],"line":18},"3":{"loc":{"start":{"line":21,"column":20},"end":{"line":21,"column":95}},"type":"cond-expr","locations":[{"start":{"line":21,"column":52},"end":{"line":21,"column":90}},{"start":{"line":21,"column":93},"end":{"line":21,"column":95}}],"line":21},"4":{"loc":{"start":{"line":25,"column":9},"end":{"line":25,"column":31}},"type":"binary-expr","locations":[{"start":{"line":25,"column":9},"end":{"line":25,"column":23}},{"start":{"line":25,"column":27},"end":{"line":25,"column":31}}],"line":25},"5":{"loc":{"start":{"line":28,"column":20},"end":{"line":28,"column":95}},"type":"cond-expr","locations":[{"start":{"line":28,"column":52},"end":{"line":28,"column":90}},{"start":{"line":28,"column":93},"end":{"line":28,"column":95}}],"line":28}},"s":{"0":1},"f":{},"b":{"0":[1,1],"1":[0,1],"2":[1,1],"3":[0,1],"4":[1,1],"5":[0,1]},"_coverageSchema":"1a1c01bbd47fc00a2c39e90264f33305004495a9","hash":"bec8f2a99a18a70f3b396d89e4fed820a24144aa"}
,"C:\\Users\\ASUS\\OneDrive - Bina Nusantara\\Desktop\\Phase 2\\Dummy-Instagram\\controllers\\aiController.js": {"path":"C:\\Users\\ASUS\\OneDrive - Bina Nusantara\\Desktop\\Phase 2\\Dummy-Instagram\\controllers\\aiController.js","statementMap":{"0":{"start":{"line":1,"column":33},"end":{"line":1,"column":71}},"1":{"start":{"line":5,"column":4},"end":{"line":21,"column":5}},"2":{"start":{"line":7,"column":6},"end":{"line":9,"column":7}},"3":{"start":{"line":8,"column":8},"end":{"line":8,"column":39}},"4":{"start":{"line":11,"column":21},"end":{"line":11,"column":32}},"5":{"start":{"line":12,"column":20},"end":{"line":12,"column":54}},"6":{"start":{"line":14,"column":6},"end":{"line":18,"column":9}},"7":{"start":{"line":20,"column":6},"end":{"line":20,"column":16}},"8":{"start":{"line":25,"column":0},"end":{"line":25,"column":30}}},"fnMap":{"0":{"name":"(anonymous_0)","decl":{"start":{"line":4,"column":2},"end":{"line":4,"column":3}},"loc":{"start":{"line":4,"column":50},"end":{"line":22,"column":3}},"line":4}},"branchMap":{"0":{"loc":{"start":{"line":7,"column":6},"end":{"line":9,"column":7}},"type":"if","locations":[{"start":{"line":7,"column":6},"end":{"line":9,"column":7}},{"start":{},"end":{}}],"line":7},"1":{"loc":{"start":{"line":7,"column":10},"end":{"line":7,"column":35}},"type":"binary-expr","locations":[{"start":{"line":7,"column":10},"end":{"line":7,"column":19}},{"start":{"line":7,"column":23},"end":{"line":7,"column":35}}],"line":7}},"s":{"0":1,"1":4,"2":4,"3":1,"4":3,"5":3,"6":2,"7":2,"8":1},"f":{"0":4},"b":{"0":[1,3],"1":[4,3]},"_coverageSchema":"1a1c01bbd47fc00a2c39e90264f33305004495a9","hash":"5a3a8d6179df7a779a1e7786dcd48a5a6657888b"}
,"C:\\Users\\ASUS\\OneDrive - Bina Nusantara\\Desktop\\Phase 2\\Dummy-Instagram\\controllers\\chatController.js": {"path":"C:\\Users\\ASUS\\OneDrive - Bina Nusantara\\Desktop\\Phase 2\\Dummy-Instagram\\controllers\\chatController.js","statementMap":{"0":{"start":{"line":1,"column":43},"end":{"line":1,"column":63}},"1":{"start":{"line":2,"column":15},"end":{"line":2,"column":24}},"2":{"start":{"line":3,"column":22},"end":{"line":3,"column":52}},"3":{"start":{"line":8,"column":8},"end":{"line":34,"column":9}},"4":{"start":{"line":9,"column":34},"end":{"line":9,"column":42}},"5":{"start":{"line":10,"column":27},"end":{"line":10,"column":38}},"6":{"start":{"line":12,"column":12},"end":{"line":14,"column":13}},"7":{"start":{"line":13,"column":16},"end":{"line":13,"column":97}},"8":{"start":{"line":17,"column":36},"end":{"line":29,"column":14}},"9":{"start":{"line":31,"column":12},"end":{"line":31,"column":55}},"10":{"start":{"line":33,"column":12},"end":{"line":33,"column":22}},"11":{"start":{"line":39,"column":8},"end":{"line":55,"column":9}},"12":{"start":{"line":40,"column":27},"end":{"line":40,"column":38}},"13":{"start":{"line":41,"column":26},"end":{"line":50,"column":14}},"14":{"start":{"line":52,"column":12},"end":{"line":52,"column":28}},"15":{"start":{"line":54,"column":12},"end":{"line":54,"column":22}},"16":{"start":{"line":60,"column":8},"end":{"line":79,"column":9}},"17":{"start":{"line":61,"column":31},"end":{"line":61,"column":41}},"18":{"start":{"line":62,"column":27},"end":{"line":62,"column":38}},"19":{"start":{"line":65,"column":25},"end":{"line":65,"column":52}},"20":{"start":{"line":66,"column":12},"end":{"line":68,"column":13}},"21":{"start":{"line":67,"column":16},"end":{"line":67,"column":44}},"22":{"start":{"line":70,"column":29},"end":{"line":74,"column":14}},"23":{"start":{"line":76,"column":12},"end":{"line":76,"column":31}},"24":{"start":{"line":78,"column":12},"end":{"line":78,"column":22}},"25":{"start":{"line":83,"column":8},"end":{"line":99,"column":9}},"26":{"start":{"line":84,"column":27},"end":{"line":84,"column":38}},"27":{"start":{"line":85,"column":36},"end":{"line":95,"column":14}},"28":{"start":{"line":96,"column":12},"end":{"line":96,"column":55}},"29":{"start":{"line":98,"column":12},"end":{"line":98,"column":22}},"30":{"start":{"line":104,"column":8},"end":{"line":147,"column":9}},"31":{"start":{"line":105,"column":31},"end":{"line":105,"column":41}},"32":{"start":{"line":106,"column":32},"end":{"line":106,"column":40}},"33":{"start":{"line":107,"column":27},"end":{"line":107,"column":38}},"34":{"start":{"line":108,"column":23},"end":{"line":108,"column":46}},"35":{"start":{"line":110,"column":25},"end":{"line":110,"column":52}},"36":{"start":{"line":111,"column":12},"end":{"line":113,"column":13}},"37":{"start":{"line":112,"column":16},"end":{"line":112,"column":70}},"38":{"start":{"line":117,"column":33},"end":{"line":117,"column":84}},"39":{"start":{"line":118,"column":12},"end":{"line":120,"column":13}},"40":{"start":{"line":119,"column":16},"end":{"line":119,"column":99}},"41":{"start":{"line":123,"column":32},"end":{"line":127,"column":14}},"42":{"start":{"line":129,"column":12},"end":{"line":129,"column":73}},"43":{"start":{"line":131,"column":12},"end":{"line":141,"column":13}},"44":{"start":{"line":132,"column":39},"end":{"line":132,"column":63}},"45":{"start":{"line":134,"column":34},"end":{"line":138,"column":18}},"46":{"start":{"line":140,"column":16},"end":{"line":140,"column":75}},"47":{"start":{"line":143,"column":12},"end":{"line":143,"column":30}},"48":{"start":{"line":144,"column":12},"end":{"line":144,"column":46}},"49":{"start":{"line":146,"column":12},"end":{"line":146,"column":22}},"50":{"start":{"line":151,"column":0},"end":{"line":151,"column":32}}},"fnMap":{"0":{"name":"(anonymous_0)","decl":{"start":{"line":7,"column":4},"end":{"line":7,"column":5}},"loc":{"start":{"line":7,"column":49},"end":{"line":35,"column":5}},"line":7},"1":{"name":"(anonymous_1)","decl":{"start":{"line":38,"column":4},"end":{"line":38,"column":5}},"loc":{"start":{"line":38,"column":46},"end":{"line":56,"column":5}},"line":38},"2":{"name":"(anonymous_2)","decl":{"start":{"line":59,"column":4},"end":{"line":59,"column":5}},"loc":{"start":{"line":59,"column":49},"end":{"line":80,"column":5}},"line":59},"3":{"name":"(anonymous_3)","decl":{"start":{"line":82,"column":4},"end":{"line":82,"column":5}},"loc":{"start":{"line":82,"column":46},"end":{"line":100,"column":5}},"line":82},"4":{"name":"(anonymous_4)","decl":{"start":{"line":103,"column":4},"end":{"line":103,"column":5}},"loc":{"start":{"line":103,"column":45},"end":{"line":148,"column":5}},"line":103}},"branchMap":{"0":{"loc":{"start":{"line":12,"column":12},"end":{"line":14,"column":13}},"type":"if","locations":[{"start":{"line":12,"column":12},"end":{"line":14,"column":13}},{"start":{},"end":{}}],"line":12},"1":{"loc":{"start":{"line":31,"column":23},"end":{"line":31,"column":42}},"type":"cond-expr","locations":[{"start":{"line":31,"column":33},"end":{"line":31,"column":36}},{"start":{"line":31,"column":39},"end":{"line":31,"column":42}}],"line":31},"2":{"loc":{"start":{"line":66,"column":12},"end":{"line":68,"column":13}},"type":"if","locations":[{"start":{"line":66,"column":12},"end":{"line":68,"column":13}},{"start":{},"end":{}}],"line":66},"3":{"loc":{"start":{"line":66,"column":16},"end":{"line":66,"column":78}},"type":"binary-expr","locations":[{"start":{"line":66,"column":16},"end":{"line":66,"column":21}},{"start":{"line":66,"column":26},"end":{"line":66,"column":48}},{"start":{"line":66,"column":52},"end":{"line":66,"column":77}}],"line":66},"4":{"loc":{"start":{"line":96,"column":23},"end":{"line":96,"column":42}},"type":"cond-expr","locations":[{"start":{"line":96,"column":33},"end":{"line":96,"column":36}},{"start":{"line":96,"column":39},"end":{"line":96,"column":42}}],"line":96},"5":{"loc":{"start":{"line":111,"column":12},"end":{"line":113,"column":13}},"type":"if","locations":[{"start":{"line":111,"column":12},"end":{"line":113,"column":13}},{"start":{},"end":{}}],"line":111},"6":{"loc":{"start":{"line":117,"column":33},"end":{"line":117,"column":84}},"type":"binary-expr","locations":[{"start":{"line":117,"column":33},"end":{"line":117,"column":55}},{"start":{"line":117,"column":59},"end":{"line":117,"column":84}}],"line":117},"7":{"loc":{"start":{"line":118,"column":12},"end":{"line":120,"column":13}},"type":"if","locations":[{"start":{"line":118,"column":12},"end":{"line":120,"column":13}},{"start":{},"end":{}}],"line":118},"8":{"loc":{"start":{"line":131,"column":12},"end":{"line":141,"column":13}},"type":"if","locations":[{"start":{"line":131,"column":12},"end":{"line":141,"column":13}},{"start":{},"end":{}}],"line":131}},"s":{"0":1,"1":1,"2":1,"3":3,"4":3,"5":3,"6":3,"7":1,"8":2,"9":2,"10":1,"11":0,"12":0,"13":0,"14":0,"15":0,"16":0,"17":0,"18":0,"19":0,"20":0,"21":0,"22":0,"23":0,"24":0,"25":0,"26":0,"27":0,"28":0,"29":0,"30":4,"31":4,"32":4,"33":4,"34":4,"35":4,"36":4,"37":1,"38":3,"39":3,"40":1,"41":2,"42":2,"43":2,"44":1,"45":1,"46":1,"47":2,"48":2,"49":2,"50":1},"f":{"0":3,"1":0,"2":0,"3":0,"4":4},"b":{"0":[1,2],"1":[1,1],"2":[0,0],"3":[0,0,0],"4":[0,0],"5":[1,3],"6":[3,1],"7":[1,2],"8":[1,1]},"_coverageSchema":"1a1c01bbd47fc00a2c39e90264f33305004495a9","hash":"2917d152140ab09724020f4ab1282f6f8aefef73"}
,"C:\\Users\\ASUS\\OneDrive - Bina Nusantara\\Desktop\\Phase 2\\Dummy-Instagram\\controllers\\postController.js": {"path":"C:\\Users\\ASUS\\OneDrive - Bina Nusantara\\Desktop\\Phase 2\\Dummy-Instagram\\controllers\\postController.js","statementMap":{"0":{"start":{"line":1,"column":46},"end":{"line":1,"column":66}},"1":{"start":{"line":6,"column":8},"end":{"line":29,"column":9}},"2":{"start":{"line":7,"column":55},"end":{"line":7,"column":63}},"3":{"start":{"line":10,"column":25},"end":{"line":15,"column":14}},"4":{"start":{"line":18,"column":12},"end":{"line":24,"column":13}},"5":{"start":{"line":19,"column":31},"end":{"line":22,"column":19}},"6":{"start":{"line":19,"column":56},"end":{"line":22,"column":17}},"7":{"start":{"line":23,"column":16},"end":{"line":23,"column":47}},"8":{"start":{"line":26,"column":12},"end":{"line":26,"column":81}},"9":{"start":{"line":28,"column":12},"end":{"line":28,"column":22}},"10":{"start":{"line":34,"column":8},"end":{"line":48,"column":9}},"11":{"start":{"line":35,"column":26},"end":{"line":44,"column":14}},"12":{"start":{"line":45,"column":12},"end":{"line":45,"column":28}},"13":{"start":{"line":47,"column":12},"end":{"line":47,"column":22}},"14":{"start":{"line":53,"column":8},"end":{"line":62,"column":9}},"15":{"start":{"line":54,"column":26},"end":{"line":58,"column":14}},"16":{"start":{"line":59,"column":12},"end":{"line":59,"column":28}},"17":{"start":{"line":61,"column":12},"end":{"line":61,"column":22}},"18":{"start":{"line":67,"column":8},"end":{"line":79,"column":9}},"19":{"start":{"line":68,"column":27},"end":{"line":68,"column":37}},"20":{"start":{"line":69,"column":55},"end":{"line":69,"column":63}},"21":{"start":{"line":71,"column":25},"end":{"line":71,"column":48}},"22":{"start":{"line":72,"column":12},"end":{"line":72,"column":50}},"23":{"start":{"line":72,"column":23},"end":{"line":72,"column":50}},"24":{"start":{"line":73,"column":12},"end":{"line":73,"column":76}},"25":{"start":{"line":73,"column":45},"end":{"line":73,"column":76}},"26":{"start":{"line":75,"column":12},"end":{"line":75,"column":78}},"27":{"start":{"line":76,"column":12},"end":{"line":76,"column":69}},"28":{"start":{"line":78,"column":12},"end":{"line":78,"column":22}},"29":{"start":{"line":84,"column":8},"end":{"line":94,"column":9}},"30":{"start":{"line":85,"column":27},"end":{"line":85,"column":37}},"31":{"start":{"line":86,"column":25},"end":{"line":86,"column":48}},"32":{"start":{"line":87,"column":12},"end":{"line":87,"column":50}},"33":{"start":{"line":87,"column":23},"end":{"line":87,"column":50}},"34":{"start":{"line":88,"column":12},"end":{"line":88,"column":76}},"35":{"start":{"line":88,"column":45},"end":{"line":88,"column":76}},"36":{"start":{"line":90,"column":12},"end":{"line":90,"column":33}},"37":{"start":{"line":91,"column":12},"end":{"line":91,"column":63}},"38":{"start":{"line":93,"column":12},"end":{"line":93,"column":22}},"39":{"start":{"line":99,"column":8},"end":{"line":119,"column":9}},"40":{"start":{"line":100,"column":27},"end":{"line":100,"column":37}},"41":{"start":{"line":101,"column":25},"end":{"line":101,"column":48}},"42":{"start":{"line":102,"column":12},"end":{"line":102,"column":50}},"43":{"start":{"line":102,"column":23},"end":{"line":102,"column":50}},"44":{"start":{"line":104,"column":33},"end":{"line":106,"column":14}},"45":{"start":{"line":109,"column":12},"end":{"line":115,"column":13}},"46":{"start":{"line":110,"column":16},"end":{"line":110,"column":45}},"47":{"start":{"line":111,"column":16},"end":{"line":111,"column":41}},"48":{"start":{"line":113,"column":16},"end":{"line":113,"column":71}},"49":{"start":{"line":114,"column":16},"end":{"line":114,"column":39}},"50":{"start":{"line":116,"column":12},"end":{"line":116,"column":34}},"51":{"start":{"line":118,"column":12},"end":{"line":118,"column":22}},"52":{"start":{"line":123,"column":0},"end":{"line":123,"column":32}}},"fnMap":{"0":{"name":"(anonymous_0)","decl":{"start":{"line":5,"column":4},"end":{"line":5,"column":5}},"loc":{"start":{"line":5,"column":44},"end":{"line":30,"column":5}},"line":5},"1":{"name":"(anonymous_1)","decl":{"start":{"line":19,"column":45},"end":{"line":19,"column":46}},"loc":{"start":{"line":19,"column":56},"end":{"line":22,"column":17}},"line":19},"2":{"name":"(anonymous_2)","decl":{"start":{"line":33,"column":4},"end":{"line":33,"column":5}},"loc":{"start":{"line":33,"column":51},"end":{"line":49,"column":5}},"line":33},"3":{"name":"(anonymous_3)","decl":{"start":{"line":52,"column":4},"end":{"line":52,"column":5}},"loc":{"start":{"line":52,"column":44},"end":{"line":63,"column":5}},"line":52},"4":{"name":"(anonymous_4)","decl":{"start":{"line":66,"column":4},"end":{"line":66,"column":5}},"loc":{"start":{"line":66,"column":44},"end":{"line":80,"column":5}},"line":66},"5":{"name":"(anonymous_5)","decl":{"start":{"line":83,"column":4},"end":{"line":83,"column":5}},"loc":{"start":{"line":83,"column":44},"end":{"line":95,"column":5}},"line":83},"6":{"name":"(anonymous_6)","decl":{"start":{"line":98,"column":4},"end":{"line":98,"column":5}},"loc":{"start":{"line":98,"column":44},"end":{"line":120,"column":5}},"line":98}},"branchMap":{"0":{"loc":{"start":{"line":13,"column":28},"end":{"line":13,"column":46}},"type":"binary-expr","locations":[{"start":{"line":13,"column":28},"end":{"line":13,"column":38}},{"start":{"line":13,"column":42},"end":{"line":13,"column":46}}],"line":13},"1":{"loc":{"start":{"line":18,"column":12},"end":{"line":24,"column":13}},"type":"if","locations":[{"start":{"line":18,"column":12},"end":{"line":24,"column":13}},{"start":{},"end":{}}],"line":18},"2":{"loc":{"start":{"line":18,"column":16},"end":{"line":18,"column":49}},"type":"binary-expr","locations":[{"start":{"line":18,"column":16},"end":{"line":18,"column":25}},{"start":{"line":18,"column":29},"end":{"line":18,"column":49}}],"line":18},"3":{"loc":{"start":{"line":72,"column":12},"end":{"line":72,"column":50}},"type":"if","locations":[{"start":{"line":72,"column":12},"end":{"line":72,"column":50}},{"start":{},"end":{}}],"line":72},"4":{"loc":{"start":{"line":73,"column":12},"end":{"line":73,"column":76}},"type":"if","locations":[{"start":{"line":73,"column":12},"end":{"line":73,"column":76}},{"start":{},"end":{}}],"line":73},"5":{"loc":{"start":{"line":87,"column":12},"end":{"line":87,"column":50}},"type":"if","locations":[{"start":{"line":87,"column":12},"end":{"line":87,"column":50}},{"start":{},"end":{}}],"line":87},"6":{"loc":{"start":{"line":88,"column":12},"end":{"line":88,"column":76}},"type":"if","locations":[{"start":{"line":88,"column":12},"end":{"line":88,"column":76}},{"start":{},"end":{}}],"line":88},"7":{"loc":{"start":{"line":102,"column":12},"end":{"line":102,"column":50}},"type":"if","locations":[{"start":{"line":102,"column":12},"end":{"line":102,"column":50}},{"start":{},"end":{}}],"line":102},"8":{"loc":{"start":{"line":109,"column":12},"end":{"line":115,"column":13}},"type":"if","locations":[{"start":{"line":109,"column":12},"end":{"line":115,"column":13}},{"start":{"line":112,"column":19},"end":{"line":115,"column":13}}],"line":109}},"s":{"0":1,"1":2,"2":2,"3":2,"4":2,"5":1,"6":2,"7":1,"8":2,"9":0,"10":1,"11":1,"12":1,"13":0,"14":0,"15":0,"16":0,"17":0,"18":2,"19":2,"20":2,"21":2,"22":2,"23":0,"24":2,"25":1,"26":1,"27":1,"28":1,"29":0,"30":0,"31":0,"32":0,"33":0,"34":0,"35":0,"36":0,"37":0,"38":0,"39":2,"40":2,"41":2,"42":2,"43":0,"44":2,"45":2,"46":1,"47":1,"48":1,"49":1,"50":2,"51":0,"52":1},"f":{"0":2,"1":2,"2":1,"3":0,"4":2,"5":0,"6":2},"b":{"0":[2,1],"1":[1,1],"2":[2,2],"3":[0,2],"4":[1,1],"5":[0,0],"6":[0,0],"7":[0,2],"8":[1,1]},"_coverageSchema":"1a1c01bbd47fc00a2c39e90264f33305004495a9","hash":"611903ee95c16bde9bc49db059f4f96f8b5ab109"}
,"C:\\Users\\ASUS\\OneDrive - Bina Nusantara\\Desktop\\Phase 2\\Dummy-Instagram\\controllers\\userController.js": {"path":"C:\\Users\\ASUS\\OneDrive - Bina Nusantara\\Desktop\\Phase 2\\Dummy-Instagram\\controllers\\userController.js","statementMap":{"0":{"start":{"line":1,"column":17},"end":{"line":1,"column":37}},"1":{"start":{"line":2,"column":15},"end":{"line":2,"column":34}},"2":{"start":{"line":3,"column":22},"end":{"line":3,"column":47}},"3":{"start":{"line":4,"column":25},"end":{"line":4,"column":55}},"4":{"start":{"line":5,"column":15},"end":{"line":5,"column":33}},"5":{"start":{"line":10,"column":8},"end":{"line":20,"column":9}},"6":{"start":{"line":11,"column":50},"end":{"line":11,"column":58}},"7":{"start":{"line":12,"column":28},"end":{"line":12,"column":76}},"8":{"start":{"line":13,"column":12},"end":{"line":17,"column":15}},"9":{"start":{"line":19,"column":12},"end":{"line":19,"column":22}},"10":{"start":{"line":24,"column":8},"end":{"line":44,"column":9}},"11":{"start":{"line":25,"column":40},"end":{"line":25,"column":48}},"12":{"start":{"line":26,"column":12},"end":{"line":28,"column":13}},"13":{"start":{"line":27,"column":16},"end":{"line":27,"column":89}},"14":{"start":{"line":30,"column":25},"end":{"line":30,"column":65}},"15":{"start":{"line":31,"column":12},"end":{"line":33,"column":13}},"16":{"start":{"line":32,"column":16},"end":{"line":32,"column":47}},"17":{"start":{"line":35,"column":36},"end":{"line":35,"column":79}},"18":{"start":{"line":36,"column":12},"end":{"line":38,"column":13}},"19":{"start":{"line":37,"column":16},"end":{"line":37,"column":47}},"20":{"start":{"line":40,"column":26},"end":{"line":40,"column":52}},"21":{"start":{"line":41,"column":12},"end":{"line":41,"column":58}},"22":{"start":{"line":43,"column":12},"end":{"line":43,"column":22}},"23":{"start":{"line":48,"column":8},"end":{"line":74,"column":9}},"24":{"start":{"line":49,"column":37},"end":{"line":49,"column":45}},"25":{"start":{"line":51,"column":27},"end":{"line":54,"column":14}},"26":{"start":{"line":55,"column":28},"end":{"line":55,"column":47}},"27":{"start":{"line":57,"column":36},"end":{"line":66,"column":14}},"28":{"start":{"line":69,"column":33},"end":{"line":69,"column":59}},"29":{"start":{"line":70,"column":12},"end":{"line":70,"column":51}},"30":{"start":{"line":73,"column":12},"end":{"line":73,"column":22}},"31":{"start":{"line":80,"column":0},"end":{"line":80,"column":32}}},"fnMap":{"0":{"name":"(anonymous_0)","decl":{"start":{"line":9,"column":4},"end":{"line":9,"column":5}},"loc":{"start":{"line":9,"column":42},"end":{"line":21,"column":5}},"line":9},"1":{"name":"(anonymous_1)","decl":{"start":{"line":23,"column":4},"end":{"line":23,"column":5}},"loc":{"start":{"line":23,"column":39},"end":{"line":45,"column":5}},"line":23},"2":{"name":"(anonymous_2)","decl":{"start":{"line":47,"column":4},"end":{"line":47,"column":5}},"loc":{"start":{"line":47,"column":46},"end":{"line":75,"column":5}},"line":47}},"branchMap":{"0":{"loc":{"start":{"line":26,"column":12},"end":{"line":28,"column":13}},"type":"if","locations":[{"start":{"line":26,"column":12},"end":{"line":28,"column":13}},{"start":{},"end":{}}],"line":26},"1":{"loc":{"start":{"line":26,"column":16},"end":{"line":26,"column":35}},"type":"binary-expr","locations":[{"start":{"line":26,"column":16},"end":{"line":26,"column":22}},{"start":{"line":26,"column":26},"end":{"line":26,"column":35}}],"line":26},"2":{"loc":{"start":{"line":31,"column":12},"end":{"line":33,"column":13}},"type":"if","locations":[{"start":{"line":31,"column":12},"end":{"line":33,"column":13}},{"start":{},"end":{}}],"line":31},"3":{"loc":{"start":{"line":36,"column":12},"end":{"line":38,"column":13}},"type":"if","locations":[{"start":{"line":36,"column":12},"end":{"line":38,"column":13}},{"start":{},"end":{}}],"line":36}},"s":{"0":1,"1":1,"2":1,"3":1,"4":1,"5":0,"6":0,"7":0,"8":0,"9":0,"10":1,"11":1,"12":1,"13":0,"14":1,"15":1,"16":1,"17":0,"18":0,"19":0,"20":0,"21":0,"22":1,"23":0,"24":0,"25":0,"26":0,"27":0,"28":0,"29":0,"30":0,"31":1},"f":{"0":0,"1":1,"2":0},"b":{"0":[0,1],"1":[1,1],"2":[1,0],"3":[0,0]},"_coverageSchema":"1a1c01bbd47fc00a2c39e90264f33305004495a9","hash":"80370fa376eb20e9088f533698882ee10ddf85dd"}
,"C:\\Users\\ASUS\\OneDrive - Bina Nusantara\\Desktop\\Phase 2\\Dummy-Instagram\\helpers\\aiHelper.js": {"path":"C:\\Users\\ASUS\\OneDrive - Bina Nusantara\\Desktop\\Phase 2\\Dummy-Instagram\\helpers\\aiHelper.js","statementMap":{"0":{"start":{"line":1,"column":31},"end":{"line":1,"column":63}},"1":{"start":{"line":3,"column":14},"end":{"line":3,"column":64}},"2":{"start":{"line":4,"column":14},"end":{"line":4,"column":67}},"3":{"start":{"line":8,"column":2},"end":{"line":21,"column":12}},"4":{"start":{"line":26,"column":2},"end":{"line":33,"column":3}},"5":{"start":{"line":27,"column":19},"end":{"line":27,"column":54}},"6":{"start":{"line":28,"column":20},"end":{"line":28,"column":42}},"7":{"start":{"line":29,"column":4},"end":{"line":29,"column":30}},"8":{"start":{"line":31,"column":4},"end":{"line":31,"column":47}},"9":{"start":{"line":32,"column":4},"end":{"line":32,"column":63}},"10":{"start":{"line":36,"column":0},"end":{"line":36,"column":31}}},"fnMap":{"0":{"name":"cleanText","decl":{"start":{"line":7,"column":9},"end":{"line":7,"column":18}},"loc":{"start":{"line":7,"column":30},"end":{"line":22,"column":1}},"line":7},"1":{"name":"askGemini","decl":{"start":{"line":25,"column":15},"end":{"line":25,"column":24}},"loc":{"start":{"line":25,"column":33},"end":{"line":34,"column":1}},"line":25}},"branchMap":{"0":{"loc":{"start":{"line":7,"column":19},"end":{"line":7,"column":28}},"type":"default-arg","locations":[{"start":{"line":7,"column":26},"end":{"line":7,"column":28}}],"line":7}},"s":{"0":1,"1":1,"2":1,"3":0,"4":0,"5":0,"6":0,"7":0,"8":0,"9":0,"10":1},"f":{"0":0,"1":0},"b":{"0":[0]},"_coverageSchema":"1a1c01bbd47fc00a2c39e90264f33305004495a9","hash":"3e77ad823eae243bd1e4e7cac77dbdff43a6f7dc"}
,"C:\\Users\\ASUS\\OneDrive - Bina Nusantara\\Desktop\\Phase 2\\Dummy-Instagram\\helpers\\aiRecommendation.js": {"path":"C:\\Users\\ASUS\\OneDrive - Bina Nusantara\\Desktop\\Phase 2\\Dummy-Instagram\\helpers\\aiRecommendation.js","statementMap":{"0":{"start":{"line":1,"column":31},"end":{"line":1,"column":63}},"1":{"start":{"line":2,"column":39},"end":{"line":2,"column":59}},"2":{"start":{"line":3,"column":15},"end":{"line":3,"column":35}},"3":{"start":{"line":5,"column":14},"end":{"line":5,"column":64}},"4":{"start":{"line":6,"column":14},"end":{"line":6,"column":67}},"5":{"start":{"line":9,"column":2},"end":{"line":65,"column":3}},"6":{"start":{"line":10,"column":23},"end":{"line":13,"column":6}},"7":{"start":{"line":15,"column":4},"end":{"line":22,"column":5}},"8":{"start":{"line":16,"column":6},"end":{"line":21,"column":9}},"9":{"start":{"line":24,"column":26},"end":{"line":26,"column":17}},"10":{"start":{"line":25,"column":18},"end":{"line":25,"column":88}},"11":{"start":{"line":28,"column":19},"end":{"line":35,"column":5}},"12":{"start":{"line":37,"column":19},"end":{"line":37,"column":54}},"13":{"start":{"line":38,"column":27},"end":{"line":38,"column":49}},"14":{"start":{"line":39,"column":23},"end":{"line":39,"column":69}},"15":{"start":{"line":39,"column":60},"end":{"line":39,"column":68}},"16":{"start":{"line":41,"column":29},"end":{"line":53,"column":6}},"17":{"start":{"line":55,"column":4},"end":{"line":55,"column":28}},"18":{"start":{"line":57,"column":4},"end":{"line":57,"column":60}},"19":{"start":{"line":59,"column":4},"end":{"line":64,"column":7}},"20":{"start":{"line":68,"column":0},"end":{"line":68,"column":42}}},"fnMap":{"0":{"name":"getAIRecommendations","decl":{"start":{"line":8,"column":15},"end":{"line":8,"column":35}},"loc":{"start":{"line":8,"column":44},"end":{"line":66,"column":1}},"line":8},"1":{"name":"(anonymous_1)","decl":{"start":{"line":25,"column":11},"end":{"line":25,"column":12}},"loc":{"start":{"line":25,"column":18},"end":{"line":25,"column":88}},"line":25},"2":{"name":"(anonymous_2)","decl":{"start":{"line":39,"column":53},"end":{"line":39,"column":54}},"loc":{"start":{"line":39,"column":60},"end":{"line":39,"column":68}},"line":39}},"branchMap":{"0":{"loc":{"start":{"line":15,"column":4},"end":{"line":22,"column":5}},"type":"if","locations":[{"start":{"line":15,"column":4},"end":{"line":22,"column":5}},{"start":{},"end":{}}],"line":15},"1":{"loc":{"start":{"line":25,"column":54},"end":{"line":25,"column":85}},"type":"binary-expr","locations":[{"start":{"line":25,"column":54},"end":{"line":25,"column":75}},{"start":{"line":25,"column":79},"end":{"line":25,"column":85}}],"line":25}},"s":{"0":1,"1":1,"2":1,"3":1,"4":1,"5":0,"6":0,"7":0,"8":0,"9":0,"10":0,"11":0,"12":0,"13":0,"14":0,"15":0,"16":0,"17":0,"18":0,"19":0,"20":1},"f":{"0":0,"1":0,"2":0},"b":{"0":[0,0],"1":[0,0]},"_coverageSchema":"1a1c01bbd47fc00a2c39e90264f33305004495a9","hash":"e1ea4577adfa0d0a6ebf7a252cc3decd0146686c"}
,"C:\\Users\\ASUS\\OneDrive - Bina Nusantara\\Desktop\\Phase 2\\Dummy-Instagram\\helpers\\jwt.js": {"path":"C:\\Users\\ASUS\\OneDrive - Bina Nusantara\\Desktop\\Phase 2\\Dummy-Instagram\\helpers\\jwt.js","statementMap":{"0":{"start":{"line":1,"column":12},"end":{"line":1,"column":35}},"1":{"start":{"line":2,"column":15},"end":{"line":2,"column":37}},"2":{"start":{"line":5,"column":2},"end":{"line":5,"column":35}},"3":{"start":{"line":9,"column":2},"end":{"line":9,"column":35}},"4":{"start":{"line":12,"column":0},"end":{"line":12,"column":44}}},"fnMap":{"0":{"name":"signToken","decl":{"start":{"line":4,"column":9},"end":{"line":4,"column":18}},"loc":{"start":{"line":4,"column":28},"end":{"line":6,"column":1}},"line":4},"1":{"name":"verifyToken","decl":{"start":{"line":8,"column":9},"end":{"line":8,"column":20}},"loc":{"start":{"line":8,"column":28},"end":{"line":10,"column":1}},"line":8}},"branchMap":{},"s":{"0":1,"1":1,"2":0,"3":0,"4":1},"f":{"0":0,"1":0},"b":{},"_coverageSchema":"1a1c01bbd47fc00a2c39e90264f33305004495a9","hash":"d7b8e9b1304ab0135964e79a9372e3a90c422c73"}
,"C:\\Users\\ASUS\\OneDrive - Bina Nusantara\\Desktop\\Phase 2\\Dummy-Instagram\\models\\category.js": {"path":"C:\\Users\\ASUS\\OneDrive - Bina Nusantara\\Desktop\\Phase 2\\Dummy-Instagram\\models\\category.js","statementMap":{"0":{"start":{"line":4,"column":4},"end":{"line":4,"column":24}},"1":{"start":{"line":5,"column":0},"end":{"line":24,"column":2}},"2":{"start":{"line":13,"column":7},"end":{"line":13,"column":37}},"3":{"start":{"line":17,"column":2},"end":{"line":22,"column":5}},"4":{"start":{"line":23,"column":2},"end":{"line":23,"column":18}}},"fnMap":{"0":{"name":"(anonymous_0)","decl":{"start":{"line":5,"column":17},"end":{"line":5,"column":18}},"loc":{"start":{"line":5,"column":43},"end":{"line":24,"column":1}},"line":5},"1":{"name":"(anonymous_1)","decl":{"start":{"line":12,"column":4},"end":{"line":12,"column":5}},"loc":{"start":{"line":12,"column":29},"end":{"line":14,"column":5}},"line":12}},"branchMap":{},"s":{"0":1,"1":1,"2":1,"3":1,"4":1},"f":{"0":1,"1":1},"b":{},"_coverageSchema":"1a1c01bbd47fc00a2c39e90264f33305004495a9","hash":"b53232249d0460508d5c1dbe8d528418cdcc35d8"}
,"C:\\Users\\ASUS\\OneDrive - Bina Nusantara\\Desktop\\Phase 2\\Dummy-Instagram\\models\\chat.js": {"path":"C:\\Users\\ASUS\\OneDrive - Bina Nusantara\\Desktop\\Phase 2\\Dummy-Instagram\\models\\chat.js","statementMap":{"0":{"start":{"line":4,"column":4},"end":{"line":4,"column":24}},"1":{"start":{"line":5,"column":0},"end":{"line":28,"column":2}},"2":{"start":{"line":13,"column":6},"end":{"line":13,"column":75}},"3":{"start":{"line":14,"column":6},"end":{"line":14,"column":78}},"4":{"start":{"line":15,"column":6},"end":{"line":15,"column":35}},"5":{"start":{"line":19,"column":2},"end":{"line":26,"column":5}},"6":{"start":{"line":27,"column":2},"end":{"line":27,"column":14}}},"fnMap":{"0":{"name":"(anonymous_0)","decl":{"start":{"line":5,"column":17},"end":{"line":5,"column":18}},"loc":{"start":{"line":5,"column":43},"end":{"line":28,"column":1}},"line":5},"1":{"name":"(anonymous_1)","decl":{"start":{"line":12,"column":4},"end":{"line":12,"column":5}},"loc":{"start":{"line":12,"column":29},"end":{"line":16,"column":5}},"line":12}},"branchMap":{},"s":{"0":1,"1":1,"2":1,"3":1,"4":1,"5":1,"6":1},"f":{"0":1,"1":1},"b":{},"_coverageSchema":"1a1c01bbd47fc00a2c39e90264f33305004495a9","hash":"7caac22d588d58e8129c102294bf5cd40ad1cd38"}
,"C:\\Users\\ASUS\\OneDrive - Bina Nusantara\\Desktop\\Phase 2\\Dummy-Instagram\\models\\image.js": {"path":"C:\\Users\\ASUS\\OneDrive - Bina Nusantara\\Desktop\\Phase 2\\Dummy-Instagram\\models\\image.js","statementMap":{"0":{"start":{"line":4,"column":4},"end":{"line":4,"column":24}},"1":{"start":{"line":5,"column":0},"end":{"line":25,"column":2}},"2":{"start":{"line":13,"column":6},"end":{"line":13,"column":35}},"3":{"start":{"line":17,"column":2},"end":{"line":23,"column":5}},"4":{"start":{"line":24,"column":2},"end":{"line":24,"column":15}}},"fnMap":{"0":{"name":"(anonymous_0)","decl":{"start":{"line":5,"column":17},"end":{"line":5,"column":18}},"loc":{"start":{"line":5,"column":43},"end":{"line":25,"column":1}},"line":5},"1":{"name":"(anonymous_1)","decl":{"start":{"line":12,"column":4},"end":{"line":12,"column":5}},"loc":{"start":{"line":12,"column":29},"end":{"line":14,"column":5}},"line":12}},"branchMap":{},"s":{"0":1,"1":1,"2":1,"3":1,"4":1},"f":{"0":1,"1":1},"b":{},"_coverageSchema":"1a1c01bbd47fc00a2c39e90264f33305004495a9","hash":"ad242b102cc5ff6596aad3f625f0c4c4d99fd50c"}
,"C:\\Users\\ASUS\\OneDrive - Bina Nusantara\\Desktop\\Phase 2\\Dummy-Instagram\\models\\index.js": {"path":"C:\\Users\\ASUS\\OneDrive - Bina Nusantara\\Desktop\\Phase 2\\Dummy-Instagram\\models\\index.js","statementMap":{"0":{"start":{"line":3,"column":11},"end":{"line":3,"column":24}},"1":{"start":{"line":4,"column":13},"end":{"line":4,"column":28}},"2":{"start":{"line":5,"column":18},"end":{"line":5,"column":38}},"3":{"start":{"line":6,"column":16},"end":{"line":6,"column":34}},"4":{"start":{"line":7,"column":17},"end":{"line":7,"column":42}},"5":{"start":{"line":8,"column":12},"end":{"line":8,"column":49}},"6":{"start":{"line":9,"column":15},"end":{"line":9,"column":63}},"7":{"start":{"line":10,"column":11},"end":{"line":10,"column":13}},"8":{"start":{"line":14,"column":0},"end":{"line":18,"column":1}},"9":{"start":{"line":15,"column":2},"end":{"line":15,"column":48}},"10":{"start":{"line":17,"column":2},"end":{"line":17,"column":87}},"11":{"start":{"line":20,"column":0},"end":{"line":33,"column":5}},"12":{"start":{"line":23,"column":4},"end":{"line":28,"column":6}},"13":{"start":{"line":31,"column":18},"end":{"line":31,"column":85}},"14":{"start":{"line":32,"column":4},"end":{"line":32,"column":27}},"15":{"start":{"line":35,"column":0},"end":{"line":39,"column":3}},"16":{"start":{"line":36,"column":2},"end":{"line":38,"column":3}},"17":{"start":{"line":37,"column":4},"end":{"line":37,"column":32}},"18":{"start":{"line":41,"column":0},"end":{"line":41,"column":25}},"19":{"start":{"line":42,"column":0},"end":{"line":42,"column":25}},"20":{"start":{"line":44,"column":0},"end":{"line":44,"column":20}}},"fnMap":{"0":{"name":"(anonymous_0)","decl":{"start":{"line":22,"column":10},"end":{"line":22,"column":11}},"loc":{"start":{"line":22,"column":18},"end":{"line":29,"column":3}},"line":22},"1":{"name":"(anonymous_1)","decl":{"start":{"line":30,"column":11},"end":{"line":30,"column":12}},"loc":{"start":{"line":30,"column":19},"end":{"line":33,"column":3}},"line":30},"2":{"name":"(anonymous_2)","decl":{"start":{"line":35,"column":24},"end":{"line":35,"column":25}},"loc":{"start":{"line":35,"column":37},"end":{"line":39,"column":1}},"line":35}},"branchMap":{"0":{"loc":{"start":{"line":8,"column":12},"end":{"line":8,"column":49}},"type":"binary-expr","locations":[{"start":{"line":8,"column":12},"end":{"line":8,"column":32}},{"start":{"line":8,"column":36},"end":{"line":8,"column":49}}],"line":8},"1":{"loc":{"start":{"line":14,"column":0},"end":{"line":18,"column":1}},"type":"if","locations":[{"start":{"line":14,"column":0},"end":{"line":18,"column":1}},{"start":{"line":16,"column":7},"end":{"line":18,"column":1}}],"line":14},"2":{"loc":{"start":{"line":24,"column":6},"end":{"line":27,"column":37}},"type":"binary-expr","locations":[{"start":{"line":24,"column":6},"end":{"line":24,"column":29}},{"start":{"line":25,"column":6},"end":{"line":25,"column":23}},{"start":{"line":26,"column":6},"end":{"line":26,"column":30}},{"start":{"line":27,"column":6},"end":{"line":27,"column":37}}],"line":24},"3":{"loc":{"start":{"line":36,"column":2},"end":{"line":38,"column":3}},"type":"if","locations":[{"start":{"line":36,"column":2},"end":{"line":38,"column":3}},{"start":{},"end":{}}],"line":36}},"s":{"0":1,"1":1,"2":1,"3":1,"4":1,"5":1,"6":1,"7":1,"8":1,"9":0,"10":1,"11":1,"12":8,"13":7,"14":7,"15":1,"16":7,"17":7,"18":1,"19":1,"20":1},"f":{"0":8,"1":7,"2":7},"b":{"0":[1,0],"1":[0,1],"2":[8,8,7,7],"3":[7,0]},"_coverageSchema":"1a1c01bbd47fc00a2c39e90264f33305004495a9","hash":"ad9a3acf31fd8d390059597bddf05e175c1c0a76"}
,"C:\\Users\\ASUS\\OneDrive - Bina Nusantara\\Desktop\\Phase 2\\Dummy-Instagram\\models\\like.js": {"path":"C:\\Users\\ASUS\\OneDrive - Bina Nusantara\\Desktop\\Phase 2\\Dummy-Instagram\\models\\like.js","statementMap":{"0":{"start":{"line":4,"column":4},"end":{"line":4,"column":24}},"1":{"start":{"line":5,"column":0},"end":{"line":26,"column":2}},"2":{"start":{"line":13,"column":6},"end":{"line":13,"column":34}},"3":{"start":{"line":14,"column":6},"end":{"line":14,"column":34}},"4":{"start":{"line":18,"column":2},"end":{"line":24,"column":5}},"5":{"start":{"line":25,"column":2},"end":{"line":25,"column":14}}},"fnMap":{"0":{"name":"(anonymous_0)","decl":{"start":{"line":5,"column":17},"end":{"line":5,"column":18}},"loc":{"start":{"line":5,"column":43},"end":{"line":26,"column":1}},"line":5},"1":{"name":"(anonymous_1)","decl":{"start":{"line":12,"column":4},"end":{"line":12,"column":5}},"loc":{"start":{"line":12,"column":29},"end":{"line":15,"column":5}},"line":12}},"branchMap":{},"s":{"0":1,"1":1,"2":1,"3":1,"4":1,"5":1},"f":{"0":1,"1":1},"b":{},"_coverageSchema":"1a1c01bbd47fc00a2c39e90264f33305004495a9","hash":"0f603675acb1a50d3a6b5fb0a972d9e3bd0ccc14"}
,"C:\\Users\\ASUS\\OneDrive - Bina Nusantara\\Desktop\\Phase 2\\Dummy-Instagram\\models\\message.js": {"path":"C:\\Users\\ASUS\\OneDrive - Bina Nusantara\\Desktop\\Phase 2\\Dummy-Instagram\\models\\message.js","statementMap":{"0":{"start":{"line":4,"column":4},"end":{"line":4,"column":24}},"1":{"start":{"line":5,"column":0},"end":{"line":30,"column":2}},"2":{"start":{"line":13,"column":6},"end":{"line":13,"column":37}},"3":{"start":{"line":14,"column":6},"end":{"line":14,"column":79}},"4":{"start":{"line":15,"column":6},"end":{"line":15,"column":83}},"5":{"start":{"line":20,"column":2},"end":{"line":28,"column":5}},"6":{"start":{"line":29,"column":2},"end":{"line":29,"column":17}}},"fnMap":{"0":{"name":"(anonymous_0)","decl":{"start":{"line":5,"column":17},"end":{"line":5,"column":18}},"loc":{"start":{"line":5,"column":43},"end":{"line":30,"column":1}},"line":5},"1":{"name":"(anonymous_1)","decl":{"start":{"line":12,"column":4},"end":{"line":12,"column":5}},"loc":{"start":{"line":12,"column":29},"end":{"line":16,"column":5}},"line":12}},"branchMap":{},"s":{"0":1,"1":1,"2":1,"3":1,"4":1,"5":1,"6":1},"f":{"0":1,"1":1},"b":{},"_coverageSchema":"1a1c01bbd47fc00a2c39e90264f33305004495a9","hash":"553fc9afc1fb2df94bb07a5c6cb7643b1ae674f1"}
,"C:\\Users\\ASUS\\OneDrive - Bina Nusantara\\Desktop\\Phase 2\\Dummy-Instagram\\models\\post.js": {"path":"C:\\Users\\ASUS\\OneDrive - Bina Nusantara\\Desktop\\Phase 2\\Dummy-Instagram\\models\\post.js","statementMap":{"0":{"start":{"line":4,"column":4},"end":{"line":4,"column":24}},"1":{"start":{"line":5,"column":0},"end":{"line":41,"column":2}},"2":{"start":{"line":13,"column":6},"end":{"line":13,"column":34}},"3":{"start":{"line":14,"column":6},"end":{"line":14,"column":38}},"4":{"start":{"line":15,"column":6},"end":{"line":15,"column":33}},"5":{"start":{"line":16,"column":6},"end":{"line":16,"column":31}},"6":{"start":{"line":20,"column":2},"end":{"line":39,"column":5}},"7":{"start":{"line":40,"column":2},"end":{"line":40,"column":14}}},"fnMap":{"0":{"name":"(anonymous_0)","decl":{"start":{"line":5,"column":17},"end":{"line":5,"column":18}},"loc":{"start":{"line":5,"column":43},"end":{"line":41,"column":1}},"line":5},"1":{"name":"(anonymous_1)","decl":{"start":{"line":12,"column":4},"end":{"line":12,"column":5}},"loc":{"start":{"line":12,"column":29},"end":{"line":17,"column":5}},"line":12}},"branchMap":{},"s":{"0":1,"1":1,"2":1,"3":1,"4":1,"5":1,"6":1,"7":1},"f":{"0":1,"1":1},"b":{},"_coverageSchema":"1a1c01bbd47fc00a2c39e90264f33305004495a9","hash":"9537a9db377628a5370ed1047cf38655e378cc14"}
,"C:\\Users\\ASUS\\OneDrive - Bina Nusantara\\Desktop\\Phase 2\\Dummy-Instagram\\models\\user.js": {"path":"C:\\Users\\ASUS\\OneDrive - Bina Nusantara\\Desktop\\Phase 2\\Dummy-Instagram\\models\\user.js","statementMap":{"0":{"start":{"line":2,"column":15},"end":{"line":2,"column":34}},"1":{"start":{"line":5,"column":4},"end":{"line":5,"column":24}},"2":{"start":{"line":6,"column":0},"end":{"line":64,"column":2}},"3":{"start":{"line":14,"column":6},"end":{"line":14,"column":32}},"4":{"start":{"line":15,"column":6},"end":{"line":15,"column":32}},"5":{"start":{"line":16,"column":6},"end":{"line":16,"column":58}},"6":{"start":{"line":17,"column":6},"end":{"line":17,"column":61}},"7":{"start":{"line":18,"column":6},"end":{"line":18,"column":63}},"8":{"start":{"line":19,"column":6},"end":{"line":19,"column":65}},"9":{"start":{"line":23,"column":2},"end":{"line":62,"column":5}},"10":{"start":{"line":59,"column":8},"end":{"line":59,"column":61}},"11":{"start":{"line":63,"column":2},"end":{"line":63,"column":14}}},"fnMap":{"0":{"name":"(anonymous_0)","decl":{"start":{"line":6,"column":17},"end":{"line":6,"column":18}},"loc":{"start":{"line":6,"column":43},"end":{"line":64,"column":1}},"line":6},"1":{"name":"(anonymous_1)","decl":{"start":{"line":13,"column":4},"end":{"line":13,"column":5}},"loc":{"start":{"line":13,"column":29},"end":{"line":20,"column":5}},"line":13},"2":{"name":"(anonymous_2)","decl":{"start":{"line":58,"column":20},"end":{"line":58,"column":21}},"loc":{"start":{"line":58,"column":36},"end":{"line":60,"column":7}},"line":58}},"branchMap":{},"s":{"0":1,"1":1,"2":1,"3":1,"4":1,"5":1,"6":1,"7":1,"8":1,"9":1,"10":0,"11":1},"f":{"0":1,"1":1,"2":0},"b":{},"_coverageSchema":"1a1c01bbd47fc00a2c39e90264f33305004495a9","hash":"660187373a96a123a305b9a8b65a489cb753d5c5"}
}
