TN:
SF:app.js
FN:34,(anonymous_0)
FN:37,(anonymous_1)
FNF:2
FNH:2
FNDA:8,(anonymous_0)
FNDA:8,(anonymous_1)
DA:1,11
DA:2,11
DA:3,11
DA:4,11
DA:5,11
DA:6,11
DA:7,11
DA:9,11
DA:10,11
DA:11,11
DA:12,11
DA:18,11
DA:21,11
DA:22,11
DA:23,11
DA:24,11
DA:27,11
DA:31,11
DA:34,11
DA:37,8
DA:38,8
DA:60,11
LF:22
LH:22
BRDA:4,0,0,11
BRDA:4,0,1,7
BRF:2
BRH:2
end_of_record
TN:
SF:config\config.js
FNF:0
FNH:0
DA:6,12
DA:8,12
DA:11,12
DA:18,12
LF:4
LH:4
BRDA:24,0,0,12
BRDA:24,0,1,0
BRDA:34,1,0,12
BRDA:34,1,1,0
BRF:4
BRH:2
end_of_record
TN:
SF:controllers\aiController.js
FN:4,(anonymous_0)
FN:13,(anonymous_1)
FNF:2
FNH:2
FNDA:2,(anonymous_0)
FNDA:1,(anonymous_1)
DA:1,3
DA:5,2
DA:6,2
DA:7,1
DA:10,1
DA:11,1
DA:13,1
DA:15,1
DA:21,1
DA:26,3
LF:10
LH:10
BRDA:6,0,0,1
BRDA:6,0,1,1
BRDA:6,1,0,2
BRDA:6,1,1,1
BRF:4
BRH:4
end_of_record
TN:
SF:controllers\chatController.js
FN:6,(anonymous_0)
FN:35,(anonymous_1)
FN:55,(anonymous_2)
FN:77,(anonymous_3)
FN:98,(anonymous_4)
FNF:5
FNH:5
FNDA:4,(anonymous_0)
FNDA:2,(anonymous_1)
FNDA:4,(anonymous_2)
FNDA:3,(anonymous_3)
FNDA:5,(anonymous_4)
DA:1,3
DA:2,3
DA:3,3
DA:7,4
DA:8,4
DA:9,4
DA:11,4
DA:12,1
DA:15,3
DA:29,2
DA:31,2
DA:36,2
DA:37,2
DA:38,2
DA:49,1
DA:51,1
DA:56,4
DA:57,4
DA:58,4
DA:60,4
DA:61,3
DA:62,2
DA:65,1
DA:71,1
DA:73,3
DA:78,3
DA:79,3
DA:80,3
DA:91,2
DA:93,1
DA:99,5
DA:100,5
DA:101,5
DA:102,5
DA:103,5
DA:105,5
DA:106,5
DA:107,1
DA:110,4
DA:111,4
DA:112,1
DA:115,3
DA:120,2
DA:122,2
DA:123,1
DA:124,1
DA:130,1
DA:131,1
DA:133,1
DA:137,3
DA:142,3
LF:51
LH:51
BRDA:11,0,0,1
BRDA:11,0,1,3
BRDA:29,1,0,1
BRDA:29,1,1,1
BRDA:61,2,0,2
BRDA:61,2,1,1
BRDA:61,3,0,3
BRDA:61,3,1,2
BRDA:61,3,2,1
BRDA:91,4,0,1
BRDA:91,4,1,1
BRDA:106,5,0,1
BRDA:106,5,1,4
BRDA:110,6,0,4
BRDA:110,6,1,1
BRDA:111,7,0,1
BRDA:111,7,1,3
BRDA:122,8,0,1
BRDA:122,8,1,1
BRF:19
BRH:19
end_of_record
TN:
SF:controllers\postController.js
FN:4,(anonymous_0)
FN:20,(anonymous_1)
FN:37,(anonymous_2)
FN:56,(anonymous_3)
FN:70,(anonymous_4)
FN:87,(anonymous_5)
FN:108,(anonymous_6)
FNF:7
FNH:7
FNDA:3,(anonymous_0)
FNDA:2,(anonymous_1)
FNDA:2,(anonymous_2)
FNDA:2,(anonymous_3)
FNDA:4,(anonymous_4)
FNDA:4,(anonymous_5)
FNDA:4,(anonymous_6)
DA:1,3
DA:5,3
DA:6,3
DA:7,3
DA:9,3
DA:10,1
DA:13,2
DA:20,2
DA:25,1
DA:27,1
DA:33,2
DA:38,2
DA:39,2
DA:49,1
DA:51,1
DA:57,2
DA:58,2
DA:63,1
DA:65,1
DA:71,4
DA:72,4
DA:73,4
DA:75,4
DA:76,4
DA:77,3
DA:79,2
DA:80,1
DA:82,3
DA:88,4
DA:89,4
DA:91,4
DA:92,4
DA:93,1
DA:96,3
DA:97,1
DA:100,2
DA:101,1
DA:103,3
DA:109,4
DA:110,4
DA:111,4
DA:112,3
DA:114,2
DA:119,2
DA:120,1
DA:121,1
DA:123,1
DA:124,1
DA:126,2
DA:128,2
DA:133,3
LF:51
LH:51
BRDA:9,0,0,1
BRDA:9,0,1,2
BRDA:9,1,0,3
BRDA:9,1,1,3
BRDA:15,2,0,2
BRDA:15,2,1,2
BRDA:76,3,0,1
BRDA:76,3,1,3
BRDA:77,4,0,1
BRDA:77,4,1,2
BRDA:92,5,0,1
BRDA:92,5,1,3
BRDA:96,6,0,1
BRDA:96,6,1,2
BRDA:112,7,0,1
BRDA:112,7,1,2
BRDA:119,8,0,1
BRDA:119,8,1,1
BRF:18
BRH:18
end_of_record
TN:
SF:controllers\userController.js
FN:9,(anonymous_0)
FN:23,(anonymous_1)
FN:47,(anonymous_2)
FNF:3
FNH:3
FNDA:2,(anonymous_0)
FNDA:5,(anonymous_1)
FNDA:2,(anonymous_2)
DA:1,3
DA:2,3
DA:3,3
DA:4,3
DA:5,3
DA:10,2
DA:11,2
DA:12,2
DA:13,1
DA:19,1
DA:24,5
DA:25,5
DA:26,5
DA:27,1
DA:30,4
DA:31,3
DA:32,1
DA:35,2
DA:36,2
DA:37,1
DA:40,1
DA:41,1
DA:43,4
DA:48,2
DA:49,2
DA:51,2
DA:55,1
DA:57,1
DA:67,1
DA:68,1
DA:71,1
DA:76,3
LF:32
LH:32
BRDA:26,0,0,1
BRDA:26,0,1,4
BRDA:26,1,0,5
BRDA:26,1,1,5
BRDA:31,2,0,1
BRDA:31,2,1,2
BRDA:36,3,0,1
BRDA:36,3,1,1
BRF:8
BRH:8
end_of_record
TN:
SF:helpers\aiHelper.js
FN:6,cleanText
FN:19,askGemini
FNF:2
FNH:2
FNDA:4,cleanText
FNDA:3,askGemini
DA:1,8
DA:3,8
DA:4,8
DA:7,4
DA:20,3
DA:21,3
DA:22,2
DA:23,2
DA:25,1
DA:29,8
LF:10
LH:10
BRDA:6,0,0,1
BRF:1
BRH:1
end_of_record
TN:
SF:helpers\aiRecommendation.js
FN:5,getAIRecommendations
FN:29,(anonymous_1)
FN:32,(anonymous_2)
FN:46,(anonymous_3)
FN:48,(anonymous_4)
FNF:5
FNH:5
FNDA:4,getAIRecommendations
FNDA:6,(anonymous_1)
FNDA:4,(anonymous_2)
FNDA:2,(anonymous_3)
FNDA:4,(anonymous_4)
DA:1,7
DA:2,7
DA:3,7
DA:6,4
DA:7,4
DA:8,4
DA:15,4
DA:20,3
DA:21,1
DA:29,6
DA:30,2
DA:32,2
DA:33,4
DA:34,4
DA:37,2
DA:38,0
DA:46,2
DA:47,2
DA:48,4
DA:50,2
DA:58,2
DA:59,2
DA:61,2
DA:62,2
DA:64,2
DA:68,2
DA:83,2
DA:85,1
DA:86,1
DA:93,0
DA:98,7
LF:31
LH:29
BRDA:20,0,0,1
BRDA:20,0,1,2
BRDA:20,1,0,3
BRDA:20,1,1,3
BRDA:29,2,0,6
BRDA:29,2,1,6
BRDA:34,3,0,4
BRDA:34,3,1,4
BRDA:37,4,0,0
BRDA:37,4,1,2
BRDA:64,5,0,0
BRDA:64,5,1,2
BRDA:64,6,0,2
BRDA:64,6,1,2
BRF:14
BRH:12
end_of_record
TN:
SF:helpers\authMiddleware.js
FN:4,authMiddleware
FNF:1
FNH:1
FNDA:6,authMiddleware
DA:1,6
DA:2,6
DA:4,6
DA:5,6
DA:6,6
DA:7,6
DA:8,2
DA:11,4
DA:12,4
DA:13,3
DA:14,2
DA:16,1
DA:17,1
DA:18,1
DA:20,5
DA:21,3
DA:22,2
DA:23,1
DA:25,1
LF:19
LH:19
BRDA:7,0,0,2
BRDA:7,0,1,4
BRDA:7,1,0,6
BRDA:7,1,1,5
BRDA:14,2,0,1
BRDA:14,2,1,1
BRDA:20,3,0,3
BRDA:20,3,1,2
BRDA:22,4,0,1
BRDA:22,4,1,1
BRF:10
BRH:10
end_of_record
TN:
SF:helpers\cloudinary.js
FNF:0
FNH:0
DA:1,5
DA:2,5
DA:3,5
DA:5,5
DA:11,5
DA:20,5
DA:22,5
LF:7
LH:7
BRF:0
BRH:0
end_of_record
TN:
SF:helpers\handleError.js
FN:1,handleError
FN:19,(anonymous_1)
FNF:2
FNH:2
FNDA:8,handleError
FNDA:3,(anonymous_1)
DA:2,8
DA:3,1
DA:6,7
DA:7,1
DA:10,6
DA:11,1
DA:14,5
DA:15,2
DA:18,3
DA:19,3
DA:20,2
DA:23,1
DA:28,3
LF:13
LH:13
BRDA:2,0,0,1
BRDA:2,0,1,7
BRDA:6,1,0,1
BRDA:6,1,1,6
BRDA:10,2,0,1
BRDA:10,2,1,5
BRDA:14,3,0,2
BRDA:14,3,1,3
BRDA:15,4,0,2
BRDA:15,4,1,1
BRDA:18,5,0,2
BRDA:18,5,1,1
BRDA:18,6,0,3
BRDA:18,6,1,2
BRF:14
BRH:14
end_of_record
TN:
SF:helpers\jwt.js
FN:4,signToken
FN:8,verifyToken
FNF:2
FNH:2
FNDA:1,signToken
FNDA:2,verifyToken
DA:1,10
DA:2,10
DA:5,1
DA:9,2
DA:12,10
LF:5
LH:5
BRF:0
BRH:0
end_of_record
TN:
SF:models\category.js
FN:5,(anonymous_0)
FN:12,(anonymous_1)
FNF:2
FNH:2
FNDA:12,(anonymous_0)
FNDA:12,(anonymous_1)
DA:4,12
DA:5,12
DA:13,12
DA:17,12
DA:23,12
LF:5
LH:5
BRF:0
BRH:0
end_of_record
TN:
SF:models\chat.js
FN:5,(anonymous_0)
FN:12,(anonymous_1)
FNF:2
FNH:2
FNDA:12,(anonymous_0)
FNDA:12,(anonymous_1)
DA:4,12
DA:5,12
DA:13,12
DA:14,12
DA:15,12
DA:19,12
DA:27,12
LF:7
LH:7
BRF:0
BRH:0
end_of_record
TN:
SF:models\image.js
FN:5,(anonymous_0)
FN:12,(anonymous_1)
FNF:2
FNH:2
FNDA:12,(anonymous_0)
FNDA:12,(anonymous_1)
DA:4,12
DA:5,12
DA:13,12
DA:17,12
DA:24,12
LF:5
LH:5
BRF:0
BRH:0
end_of_record
TN:
SF:models\index.js
FN:22,(anonymous_0)
FN:30,(anonymous_1)
FN:35,(anonymous_2)
FNF:3
FNH:3
FNDA:96,(anonymous_0)
FNDA:84,(anonymous_1)
FNDA:84,(anonymous_2)
DA:3,12
DA:4,12
DA:5,12
DA:6,12
DA:7,12
DA:8,12
DA:9,12
DA:10,12
DA:14,12
DA:15,0
DA:17,12
DA:20,12
DA:23,96
DA:31,84
DA:32,84
DA:35,12
DA:36,84
DA:37,84
DA:41,12
DA:42,12
DA:44,12
LF:21
LH:20
BRDA:8,0,0,12
BRDA:8,0,1,0
BRDA:14,1,0,0
BRDA:14,1,1,12
BRDA:24,2,0,96
BRDA:24,2,1,96
BRDA:24,2,2,84
BRDA:24,2,3,84
BRDA:36,3,0,84
BRDA:36,3,1,0
BRF:10
BRH:7
end_of_record
TN:
SF:models\like.js
FN:5,(anonymous_0)
FN:12,(anonymous_1)
FNF:2
FNH:2
FNDA:12,(anonymous_0)
FNDA:12,(anonymous_1)
DA:4,12
DA:5,12
DA:13,12
DA:14,12
DA:18,12
DA:25,12
LF:6
LH:6
BRF:0
BRH:0
end_of_record
TN:
SF:models\message.js
FN:5,(anonymous_0)
FN:12,(anonymous_1)
FNF:2
FNH:2
FNDA:12,(anonymous_0)
FNDA:12,(anonymous_1)
DA:4,12
DA:5,12
DA:13,12
DA:14,12
DA:15,12
DA:20,12
DA:29,12
LF:7
LH:7
BRF:0
BRH:0
end_of_record
TN:
SF:models\post.js
FN:5,(anonymous_0)
FN:12,(anonymous_1)
FNF:2
FNH:2
FNDA:12,(anonymous_0)
FNDA:12,(anonymous_1)
DA:4,12
DA:5,12
DA:13,12
DA:14,12
DA:15,12
DA:16,12
DA:20,12
DA:40,12
LF:8
LH:8
BRF:0
BRH:0
end_of_record
TN:
SF:models\user.js
FN:6,(anonymous_0)
FN:13,(anonymous_1)
FN:54,(anonymous_2)
FNF:3
FNH:2
FNDA:12,(anonymous_0)
FNDA:12,(anonymous_1)
FNDA:0,(anonymous_2)
DA:2,12
DA:5,12
DA:6,12
DA:14,12
DA:15,12
DA:16,12
DA:17,12
DA:18,12
DA:19,12
DA:23,12
DA:55,0
DA:59,12
LF:12
LH:11
BRF:0
BRH:0
end_of_record
TN:
SF:routes\aiRouter.js
FNF:0
FNH:0
DA:1,2
DA:2,2
DA:3,2
DA:4,2
DA:7,2
DA:9,2
LF:6
LH:6
BRF:0
BRH:0
end_of_record
TN:
SF:routes\chatRouter.js
FNF:0
FNH:0
DA:1,2
DA:2,2
DA:3,2
DA:4,2
DA:6,2
DA:9,2
DA:12,2
DA:15,2
DA:18,2
DA:21,2
DA:23,2
LF:11
LH:11
BRF:0
BRH:0
end_of_record
TN:
SF:routes\index.js
FNF:0
FNH:0
DA:1,2
DA:2,2
DA:4,2
DA:5,2
DA:6,2
DA:7,2
DA:16,2
DA:17,2
DA:18,2
DA:19,2
DA:21,2
LF:11
LH:11
BRF:0
BRH:0
end_of_record
TN:
SF:routes\postRouter.js
FNF:0
FNH:0
DA:1,2
DA:2,2
DA:3,2
DA:4,2
DA:5,2
DA:8,2
DA:10,2
DA:11,2
DA:13,2
DA:14,2
DA:16,2
DA:18,2
LF:12
LH:12
BRF:0
BRH:0
end_of_record
TN:
SF:routes\userRouter.js
FNF:0
FNH:0
DA:1,2
DA:2,2
DA:3,2
DA:5,2
DA:6,2
DA:7,2
DA:10,2
LF:7
LH:7
BRF:0
BRH:0
end_of_record
