TN:
SF:app.js
FN:34,(anonymous_0)
FN:37,(anonymous_1)
FNF:2
FNH:2
FNDA:8,(anonymous_0)
FNDA:8,(anonymous_1)
DA:1,11
DA:2,11
DA:3,11
DA:4,11
DA:5,11
DA:6,11
DA:7,11
DA:9,11
DA:10,11
DA:11,11
DA:12,11
DA:18,11
DA:21,11
DA:22,11
DA:23,11
DA:24,11
DA:27,11
DA:31,11
DA:34,11
DA:37,8
DA:38,8
DA:60,11
LF:22
LH:22
BRDA:4,0,0,11
BRDA:4,0,1,7
BRF:2
BRH:2
end_of_record
TN:
SF:config\config.js
FNF:0
FNH:0
DA:6,12
DA:8,12
DA:11,12
DA:18,12
LF:4
LH:4
BRDA:24,0,0,12
BRDA:24,0,1,0
BRDA:34,1,0,12
BRDA:34,1,1,0
BRF:4
BRH:2
end_of_record
TN:
SF:controllers\aiController.js
FN:4,(anonymous_0)
FN:13,(anonymous_1)
FNF:2
FNH:2
FNDA:2,(anonymous_0)
FNDA:1,(anonymous_1)
DA:1,3
DA:5,2
DA:6,2
DA:7,1
DA:10,1
DA:11,1
DA:13,1
DA:15,1
DA:21,1
DA:22,1
DA:27,3
LF:11
LH:11
BRDA:6,0,0,1
BRDA:6,0,1,1
BRDA:6,1,0,2
BRDA:6,1,1,1
BRF:4
BRH:4
end_of_record
TN:
SF:controllers\chatController.js
FN:7,(anonymous_0)
FN:38,(anonymous_1)
FN:60,(anonymous_2)
FN:83,(anonymous_3)
FN:104,(anonymous_4)
FNF:5
FNH:5
FNDA:4,(anonymous_0)
FNDA:2,(anonymous_1)
FNDA:4,(anonymous_2)
FNDA:3,(anonymous_3)
FNDA:5,(anonymous_4)
DA:1,3
DA:2,3
DA:3,3
DA:8,4
DA:9,4
DA:10,4
DA:12,4
DA:13,1
DA:17,3
DA:31,2
DA:33,2
DA:39,2
DA:40,2
DA:41,2
DA:52,1
DA:54,1
DA:55,1
DA:61,4
DA:62,4
DA:63,4
DA:66,4
DA:67,3
DA:68,2
DA:71,1
DA:77,1
DA:79,3
DA:84,3
DA:85,3
DA:86,3
DA:97,2
DA:99,1
DA:105,5
DA:106,5
DA:107,5
DA:108,5
DA:109,5
DA:111,5
DA:112,5
DA:113,1
DA:116,4
DA:117,4
DA:118,1
DA:122,3
DA:127,2
DA:130,2
DA:132,1
DA:135,1
DA:142,1
DA:145,1
DA:149,1
DA:153,3
DA:158,3
LF:52
LH:52
BRDA:12,0,0,1
BRDA:12,0,1,3
BRDA:31,1,0,1
BRDA:31,1,1,1
BRDA:67,2,0,2
BRDA:67,2,1,1
BRDA:67,3,0,3
BRDA:67,3,1,2
BRDA:67,3,2,1
BRDA:97,4,0,1
BRDA:97,4,1,1
BRDA:112,5,0,1
BRDA:112,5,1,4
BRDA:116,6,0,4
BRDA:116,6,1,1
BRDA:117,7,0,1
BRDA:117,7,1,3
BRDA:130,8,0,1
BRDA:130,8,1,1
BRF:19
BRH:19
end_of_record
TN:
SF:controllers\postController.js
FN:5,(anonymous_0)
FN:25,(anonymous_1)
FN:43,(anonymous_2)
FN:62,(anonymous_3)
FN:76,(anonymous_4)
FN:93,(anonymous_5)
FN:125,(anonymous_6)
FNF:7
FNH:7
FNDA:3,(anonymous_0)
FNDA:2,(anonymous_1)
FNDA:2,(anonymous_2)
FNDA:2,(anonymous_3)
FNDA:4,(anonymous_4)
FNDA:4,(anonymous_5)
FNDA:4,(anonymous_6)
DA:1,3
DA:6,3
DA:7,3
DA:8,3
DA:11,3
DA:12,1
DA:16,2
DA:25,2
DA:30,1
DA:32,1
DA:38,2
DA:44,2
DA:45,2
DA:55,1
DA:57,1
DA:63,2
DA:64,2
DA:69,1
DA:71,1
DA:77,4
DA:78,4
DA:79,4
DA:81,4
DA:82,4
DA:83,3
DA:85,2
DA:86,1
DA:88,3
DA:94,4
DA:95,4
DA:97,4
DA:98,4
DA:100,4
DA:101,4
DA:102,1
DA:103,1
DA:106,3
DA:107,3
DA:110,3
DA:111,1
DA:112,1
DA:115,2
DA:116,1
DA:117,1
DA:119,3
DA:120,3
DA:126,4
DA:127,4
DA:128,4
DA:129,3
DA:131,2
DA:136,2
DA:137,1
DA:138,1
DA:140,1
DA:141,1
DA:143,2
DA:145,2
DA:150,3
LF:59
LH:59
BRDA:11,0,0,1
BRDA:11,0,1,2
BRDA:11,1,0,3
BRDA:11,1,1,3
BRDA:19,2,0,2
BRDA:19,2,1,2
BRDA:82,3,0,1
BRDA:82,3,1,3
BRDA:83,4,0,1
BRDA:83,4,1,2
BRDA:101,5,0,1
BRDA:101,5,1,3
BRDA:110,6,0,1
BRDA:110,6,1,2
BRDA:129,7,0,1
BRDA:129,7,1,2
BRDA:136,8,0,1
BRDA:136,8,1,1
BRF:18
BRH:18
end_of_record
TN:
SF:controllers\userController.js
FN:9,(anonymous_0)
FN:23,(anonymous_1)
FN:47,(anonymous_2)
FNF:3
FNH:3
FNDA:2,(anonymous_0)
FNDA:5,(anonymous_1)
FNDA:2,(anonymous_2)
DA:1,3
DA:2,3
DA:3,3
DA:4,3
DA:5,3
DA:10,2
DA:11,2
DA:12,2
DA:13,1
DA:19,1
DA:24,5
DA:25,5
DA:26,5
DA:27,1
DA:30,4
DA:31,3
DA:32,1
DA:35,2
DA:36,2
DA:37,1
DA:40,1
DA:41,1
DA:43,4
DA:48,2
DA:49,2
DA:51,2
DA:55,1
DA:57,1
DA:67,1
DA:68,1
DA:71,1
DA:76,3
LF:32
LH:32
BRDA:26,0,0,1
BRDA:26,0,1,4
BRDA:26,1,0,5
BRDA:26,1,1,5
BRDA:31,2,0,1
BRDA:31,2,1,2
BRDA:36,3,0,1
BRDA:36,3,1,1
BRF:8
BRH:8
end_of_record
TN:
SF:helpers\aiHelper.js
FN:7,cleanText
FN:24,askGemini
FNF:2
FNH:2
FNDA:4,cleanText
FNDA:3,askGemini
DA:1,8
DA:3,8
DA:4,8
DA:8,4
DA:25,3
DA:26,3
DA:27,2
DA:28,2
DA:30,1
DA:31,1
DA:35,8
LF:11
LH:11
BRDA:7,0,0,1
BRF:1
BRH:1
end_of_record
TN:
SF:helpers\aiRecommendation.js
FN:5,getAIRecommendations
FN:32,(anonymous_1)
FN:35,(anonymous_2)
FN:50,(anonymous_3)
FN:57,(anonymous_4)
FNF:5
FNH:5
FNDA:4,getAIRecommendations
FNDA:6,(anonymous_1)
FNDA:4,(anonymous_2)
FNDA:2,(anonymous_3)
FNDA:4,(anonymous_4)
DA:1,7
DA:2,7
DA:3,7
DA:6,4
DA:7,4
DA:8,4
DA:18,4
DA:23,3
DA:24,1
DA:32,6
DA:34,2
DA:35,2
DA:36,4
DA:37,4
DA:40,2
DA:41,0
DA:49,2
DA:50,2
DA:52,2
DA:54,2
DA:56,2
DA:57,4
DA:60,2
DA:68,2
DA:69,2
DA:71,2
DA:76,2
DA:77,0
DA:79,2
DA:82,2
DA:97,2
DA:99,1
DA:101,1
DA:102,1
DA:109,0
DA:110,0
DA:115,7
LF:37
LH:33
BRDA:23,0,0,1
BRDA:23,0,1,2
BRDA:23,1,0,3
BRDA:23,1,1,3
BRDA:32,2,0,6
BRDA:32,2,1,6
BRDA:37,3,0,4
BRDA:37,3,1,4
BRDA:40,4,0,0
BRDA:40,4,1,2
BRDA:76,5,0,0
BRDA:76,5,1,2
BRDA:76,6,0,2
BRDA:76,6,1,2
BRF:14
BRH:12
end_of_record
TN:
SF:helpers\authMiddleware.js
FN:4,authMiddleware
FNF:1
FNH:1
FNDA:6,authMiddleware
DA:1,6
DA:2,6
DA:4,6
DA:5,6
DA:6,6
DA:7,6
DA:8,2
DA:11,4
DA:12,4
DA:13,3
DA:14,2
DA:16,1
DA:17,1
DA:18,1
DA:20,5
DA:21,3
DA:22,2
DA:23,1
DA:25,1
LF:19
LH:19
BRDA:7,0,0,2
BRDA:7,0,1,4
BRDA:7,1,0,6
BRDA:7,1,1,5
BRDA:14,2,0,1
BRDA:14,2,1,1
BRDA:20,3,0,3
BRDA:20,3,1,2
BRDA:22,4,0,1
BRDA:22,4,1,1
BRF:10
BRH:10
end_of_record
TN:
SF:helpers\cloudinary.js
FNF:0
FNH:0
DA:1,5
DA:2,5
DA:3,5
DA:5,5
DA:11,5
DA:20,5
DA:22,5
LF:7
LH:7
BRF:0
BRH:0
end_of_record
TN:
SF:helpers\handleError.js
FN:1,handleError
FN:21,(anonymous_1)
FNF:2
FNH:2
FNDA:8,handleError
FNDA:3,(anonymous_1)
DA:2,8
DA:4,8
DA:5,1
DA:8,7
DA:9,1
DA:12,6
DA:13,1
DA:16,5
DA:17,2
DA:20,3
DA:21,3
DA:22,2
DA:25,1
DA:30,3
LF:14
LH:14
BRDA:4,0,0,1
BRDA:4,0,1,7
BRDA:8,1,0,1
BRDA:8,1,1,6
BRDA:12,2,0,1
BRDA:12,2,1,5
BRDA:16,3,0,2
BRDA:16,3,1,3
BRDA:17,4,0,2
BRDA:17,4,1,1
BRDA:20,5,0,2
BRDA:20,5,1,1
BRDA:20,6,0,3
BRDA:20,6,1,2
BRF:14
BRH:14
end_of_record
TN:
SF:helpers\jwt.js
FN:4,signToken
FN:8,verifyToken
FNF:2
FNH:2
FNDA:1,signToken
FNDA:2,verifyToken
DA:1,10
DA:2,10
DA:5,1
DA:9,2
DA:12,10
LF:5
LH:5
BRF:0
BRH:0
end_of_record
TN:
SF:models\category.js
FN:5,(anonymous_0)
FN:12,(anonymous_1)
FNF:2
FNH:2
FNDA:12,(anonymous_0)
FNDA:12,(anonymous_1)
DA:4,12
DA:5,12
DA:13,12
DA:17,12
DA:23,12
LF:5
LH:5
BRF:0
BRH:0
end_of_record
TN:
SF:models\chat.js
FN:5,(anonymous_0)
FN:12,(anonymous_1)
FNF:2
FNH:2
FNDA:12,(anonymous_0)
FNDA:12,(anonymous_1)
DA:4,12
DA:5,12
DA:13,12
DA:14,12
DA:15,12
DA:19,12
DA:27,12
LF:7
LH:7
BRF:0
BRH:0
end_of_record
TN:
SF:models\image.js
FN:5,(anonymous_0)
FN:12,(anonymous_1)
FNF:2
FNH:2
FNDA:12,(anonymous_0)
FNDA:12,(anonymous_1)
DA:4,12
DA:5,12
DA:13,12
DA:17,12
DA:24,12
LF:5
LH:5
BRF:0
BRH:0
end_of_record
TN:
SF:models\index.js
FN:22,(anonymous_0)
FN:30,(anonymous_1)
FN:35,(anonymous_2)
FNF:3
FNH:3
FNDA:96,(anonymous_0)
FNDA:84,(anonymous_1)
FNDA:84,(anonymous_2)
DA:3,12
DA:4,12
DA:5,12
DA:6,12
DA:7,12
DA:8,12
DA:9,12
DA:10,12
DA:14,12
DA:15,0
DA:17,12
DA:20,12
DA:23,96
DA:31,84
DA:32,84
DA:35,12
DA:36,84
DA:37,84
DA:41,12
DA:42,12
DA:44,12
LF:21
LH:20
BRDA:8,0,0,12
BRDA:8,0,1,0
BRDA:14,1,0,0
BRDA:14,1,1,12
BRDA:24,2,0,96
BRDA:24,2,1,96
BRDA:24,2,2,84
BRDA:24,2,3,84
BRDA:36,3,0,84
BRDA:36,3,1,0
BRF:10
BRH:7
end_of_record
TN:
SF:models\like.js
FN:5,(anonymous_0)
FN:12,(anonymous_1)
FNF:2
FNH:2
FNDA:12,(anonymous_0)
FNDA:12,(anonymous_1)
DA:4,12
DA:5,12
DA:13,12
DA:14,12
DA:18,12
DA:25,12
LF:6
LH:6
BRF:0
BRH:0
end_of_record
TN:
SF:models\message.js
FN:5,(anonymous_0)
FN:12,(anonymous_1)
FNF:2
FNH:2
FNDA:12,(anonymous_0)
FNDA:12,(anonymous_1)
DA:4,12
DA:5,12
DA:13,12
DA:14,12
DA:15,12
DA:20,12
DA:29,12
LF:7
LH:7
BRF:0
BRH:0
end_of_record
TN:
SF:models\post.js
FN:5,(anonymous_0)
FN:12,(anonymous_1)
FNF:2
FNH:2
FNDA:12,(anonymous_0)
FNDA:12,(anonymous_1)
DA:4,12
DA:5,12
DA:13,12
DA:14,12
DA:15,12
DA:16,12
DA:20,12
DA:40,12
LF:8
LH:8
BRF:0
BRH:0
end_of_record
TN:
SF:models\user.js
FN:6,(anonymous_0)
FN:13,(anonymous_1)
FN:54,(anonymous_2)
FNF:3
FNH:2
FNDA:12,(anonymous_0)
FNDA:12,(anonymous_1)
FNDA:0,(anonymous_2)
DA:2,12
DA:5,12
DA:6,12
DA:14,12
DA:15,12
DA:16,12
DA:17,12
DA:18,12
DA:19,12
DA:23,12
DA:55,0
DA:59,12
LF:12
LH:11
BRF:0
BRH:0
end_of_record
TN:
SF:routes\aiRouter.js
FNF:0
FNH:0
DA:1,2
DA:2,2
DA:3,2
DA:4,2
DA:7,2
DA:9,2
LF:6
LH:6
BRF:0
BRH:0
end_of_record
TN:
SF:routes\chatRouter.js
FNF:0
FNH:0
DA:1,2
DA:2,2
DA:3,2
DA:4,2
DA:6,2
DA:9,2
DA:12,2
DA:15,2
DA:18,2
DA:21,2
DA:23,2
LF:11
LH:11
BRF:0
BRH:0
end_of_record
TN:
SF:routes\index.js
FNF:0
FNH:0
DA:1,2
DA:2,2
DA:4,2
DA:5,2
DA:6,2
DA:7,2
DA:16,2
DA:17,2
DA:18,2
DA:19,2
DA:21,2
LF:11
LH:11
BRF:0
BRH:0
end_of_record
TN:
SF:routes\postRouter.js
FNF:0
FNH:0
DA:1,2
DA:2,2
DA:3,2
DA:4,2
DA:5,2
DA:8,2
DA:10,2
DA:11,2
DA:13,2
DA:14,2
DA:16,2
DA:18,2
LF:12
LH:12
BRF:0
BRH:0
end_of_record
TN:
SF:routes\userRouter.js
FNF:0
FNH:0
DA:1,2
DA:2,2
DA:3,2
DA:5,2
DA:6,2
DA:7,2
DA:10,2
LF:7
LH:7
BRF:0
BRH:0
end_of_record
